Log file open, 07/31/20 13:36:44
LogWindows: Failed to load 'aqProf.dll' (GetLastError=126)
LogWindows: File 'aqProf.dll' does not exist
LogWindows: Failed to load 'VtuneApi.dll' (GetLastError=126)
LogWindows: File 'VtuneApi.dll' does not exist
LogWindows: Failed to load 'VtuneApi32e.dll' (GetLastError=126)
LogWindows: File 'VtuneApi32e.dll' does not exist
LogConsoleResponse: Display: Failed to find resolution value strings in scalability ini. Falling back to default.
LogInit: Display: Running engine for game: BuildingEscape
LogPakFile: Registered encryption key '00000000000000000000000000000000': 0 pak files mounted, 0 remain pending
LogPlatformFile: Not using cached read wrapper
LogTaskGraph: Started task graph with 5 named threads and 23 total threads with 3 sets of task threads.
LogStats: Stats thread started at 0.815376
LogD3D11RHI: Loaded GFSDK_Aftermath_Lib.x64.dll
LogICUInternationalization: ICU TimeZone Detection - Raw Offset: +0:00, Platform Override: ''
LogPluginManager: Mounting plugin Paper2D
LogPluginManager: Mounting plugin AISupport
LogPluginManager: Mounting plugin LightPropagationVolume
LogPluginManager: Mounting plugin ActorLayerUtilities
LogPluginManager: Mounting plugin AnimationSharing
LogPluginManager: Mounting plugin CLionSourceCodeAccess
LogPluginManager: Mounting plugin CodeLiteSourceCodeAccess
LogPluginManager: Mounting plugin GitSourceControl
LogPluginManager: Mounting plugin KDevelopSourceCodeAccess
LogPluginManager: Mounting plugin NullSourceCodeAccess
LogPluginManager: Mounting plugin PerforceSourceControl
LogPluginManager: Mounting plugin SubversionSourceControl
LogPluginManager: Mounting plugin UObjectPlugin
LogPluginManager: Mounting plugin VisualStudioCodeSourceCodeAccess
LogPluginManager: Mounting plugin VisualStudioSourceCodeAccess
LogPluginManager: Mounting plugin XCodeSourceCodeAccess
LogPluginManager: Mounting plugin AssetManagerEditor
LogPluginManager: Mounting plugin CryptoKeys
LogPluginManager: Mounting plugin DataValidation
LogPluginManager: Mounting plugin FacialAnimation
LogPluginManager: Mounting plugin GameplayTagsEditor
LogPluginManager: Mounting plugin MacGraphicsSwitching
LogPluginManager: Mounting plugin MaterialAnalyzer
LogPluginManager: Mounting plugin MobileLauncherProfileWizard
LogPluginManager: Mounting plugin PluginBrowser
LogPluginManager: Mounting plugin SpeedTreeImporter
LogPluginManager: Mounting plugin DatasmithContent
LogPluginManager: Mounting plugin VariantManagerContent
LogPluginManager: Mounting plugin AlembicImporter
LogPluginManager: Mounting plugin AppleImageUtils
LogPluginManager: Mounting plugin AppleVision
LogPluginManager: Mounting plugin BackChannel
LogPluginManager: Mounting plugin CharacterAI
LogPluginManager: Mounting plugin GeometryCache
LogPluginManager: Mounting plugin HTML5Networking
LogPluginManager: Mounting plugin ProxyLODPlugin
LogPluginManager: Mounting plugin SkeletalReduction
LogPluginManager: Mounting plugin MagicLeap
LogPluginManager: Mounting plugin MagicLeapMedia
LogPluginManager: Mounting plugin AndroidMedia
LogPluginManager: Mounting plugin AvfMedia
LogPluginManager: Mounting plugin ImgMedia
LogPluginManager: Mounting plugin LinearTimecode
LogPluginManager: Mounting plugin MediaCompositing
LogPluginManager: Mounting plugin MediaPlayerEditor
LogPluginManager: Mounting plugin WebMMedia
LogPluginManager: Mounting plugin WmfMedia
LogPluginManager: Mounting plugin TcpMessaging
LogPluginManager: Mounting plugin UdpMessaging
LogPluginManager: Mounting plugin ActorSequence
LogPluginManager: Mounting plugin LevelSequenceEditor
LogPluginManager: Mounting plugin MatineeToLevelSequence
LogPluginManager: Mounting plugin NetcodeUnitTest
LogPluginManager: Mounting plugin NUTUnrealEngine4
LogPluginManager: Mounting plugin OnlineSubsystemGooglePlay
LogPluginManager: Mounting plugin OnlineSubsystemIOS
LogPluginManager: Mounting plugin OnlineSubsystem
LogPluginManager: Mounting plugin OnlineSubsystemNull
LogPluginManager: Mounting plugin OnlineSubsystemUtils
LogPluginManager: Mounting plugin LauncherChunkInstaller
LogPluginManager: Mounting plugin AndroidDeviceProfileSelector
LogPluginManager: Mounting plugin AndroidMoviePlayer
LogPluginManager: Mounting plugin AndroidPermission
LogPluginManager: Mounting plugin AppleMoviePlayer
LogPluginManager: Mounting plugin ArchVisCharacter
LogPluginManager: Mounting plugin AudioCapture
LogPluginManager: Mounting plugin CableComponent
LogPluginManager: Mounting plugin CustomMeshComponent
LogPluginManager: Mounting plugin EditableMesh
LogPluginManager: Mounting plugin ExampleDeviceProfileSelector
LogPluginManager: Mounting plugin Firebase
LogPluginManager: Mounting plugin GoogleCloudMessaging
LogPluginManager: Mounting plugin IOSDeviceProfileSelector
LogPluginManager: Mounting plugin LinuxDeviceProfileSelector
LogPluginManager: Mounting plugin LocationServicesBPLibrary
LogPluginManager: Mounting plugin MobilePatchingUtils
LogPluginManager: Mounting plugin OculusVR
LogPluginManager: Mounting plugin PhysXVehicles
LogPluginManager: Mounting plugin ProceduralMeshComponent
LogPluginManager: Mounting plugin RuntimePhysXCooking
LogPluginManager: Mounting plugin SignificanceManager
LogPluginManager: Mounting plugin SteamVR
LogPluginManager: Mounting plugin WebMMoviePlayer
LogPluginManager: Mounting plugin WindowsMoviePlayer
LogInit: Using libcurl 7.55.1-DEV
LogInit:  - built for x86_64-pc-win32
LogInit:  - supports SSL with OpenSSL/1.1.1
LogInit:  - supports HTTP deflate (compression) using libz 1.2.8
LogInit:  - other features:
LogInit:      CURL_VERSION_SSL
LogInit:      CURL_VERSION_LIBZ
LogInit:      CURL_VERSION_IPV6
LogInit:      CURL_VERSION_ASYNCHDNS
LogInit:      CURL_VERSION_LARGEFILE
LogInit:      CURL_VERSION_IDN
LogInit:  CurlRequestOptions (configurable via config and command line):
LogInit:  - bVerifyPeer = true  - Libcurl will verify peer certificate
LogInit:  - bUseHttpProxy = false  - Libcurl will NOT use HTTP proxy
LogInit:  - bDontReuseConnections = false  - Libcurl will reuse connections
LogInit:  - MaxHostConnections = 16  - Libcurl will limit the number of connections to a host
LogInit:  - LocalHostAddr = Default
LogInit:  - BufferSize = 65536
LogInit: WinSock: version 1.1 (2.2), MaxSocks=32767, MaxUdp=65467
LogInit: Build: ++UE4+Release-4.22-CL-7053642
LogInit: Engine Version: 4.22.3-7053642+++UE4+Release-4.22
LogInit: Compatible Engine Version: 4.22.0-5660361+++UE4+Release-4.22
LogInit: Net CL: 5660361
LogInit: OS: Windows 10 (Release 1909) (), CPU: Intel(R) Core(TM) i7-6700K CPU @ 4.00GHz, GPU: NVIDIA GeForce GTX 970
LogInit: Compiled (64-bit): Jun 18 2019 03:09:11
LogInit: Compiled with Visual C++: 19.16.27025.01
LogInit: Build Configuration: Development
LogInit: Branch Name: ++UE4+Release-4.22
LogInit: Command Line: 
LogInit: Base Directory: C:/Program Files/Epic Games/UE_4.22/Engine/Binaries/Win64/
LogInit: Installed Engine Build: 1
LogDevObjectVersion: Number of dev versions registered: 23
LogDevObjectVersion:   Dev-Blueprints (B0D832E4-1F89-4F0D-ACCF-7EB736FD4AA2): 10
LogDevObjectVersion:   Dev-Build (E1C64328-A22C-4D53-A36C-8E866417BD8C): 0
LogDevObjectVersion:   Dev-Core (375EC13C-06E4-48FB-B500-84F0262A717E): 3
LogDevObjectVersion:   Dev-Editor (E4B068ED-F494-42E9-A231-DA0B2E46BB41): 30
LogDevObjectVersion:   Dev-Framework (CFFC743F-43B0-4480-9391-14DF171D2073): 35
LogDevObjectVersion:   Dev-Mobile (B02B49B5-BB20-44E9-A304-32B752E40360): 2
LogDevObjectVersion:   Dev-Networking (A4E4105C-59A1-49B5-A7C5-40C4547EDFEE): 0
LogDevObjectVersion:   Dev-Online (39C831C9-5AE6-47DC-9A44-9C173E1C8E7C): 0
LogDevObjectVersion:   Dev-Physics (78F01B33-EBEA-4F98-B9B4-84EACCB95AA2): 0
LogDevObjectVersion:   Dev-Platform (6631380F-2D4D-43E0-8009-CF276956A95A): 0
LogDevObjectVersion:   Dev-Rendering (12F88B9F-8875-4AFC-A67C-D90C383ABD29): 28
LogDevObjectVersion:   Dev-Sequencer (7B5AE74C-D270-4C10-A958-57980B212A5A): 11
LogDevObjectVersion:   Dev-VR (D7296918-1DD6-4BDD-9DE2-64A83CC13884): 2
LogDevObjectVersion:   Dev-LoadTimes (C2A15278-BFE7-4AFE-6C17-90FF531DF755): 1
LogDevObjectVersion:   Private-Geometry (6EACA3D4-40EC-4CC1-B786-8BED09428FC5): 3
LogDevObjectVersion:   Dev-AnimPhys (29E575DD-E0A3-4627-9D10-D276232CDCEA): 17
LogDevObjectVersion:   Dev-Anim (AF43A65D-7FD3-4947-9873-3E8ED9C1BB05): 2
LogDevObjectVersion:   Dev-ReflectionCapture (6B266CEC-1EC7-4B8F-A30B-E4D90942FC07): 1
LogDevObjectVersion:   Dev-Automation (0DF73D61-A23F-47EA-B727-89E90C41499A): 1
LogDevObjectVersion:   FortniteMain (601D1886-AC64-4F84-AA16-D3DE0DEAC7D6): 25
LogDevObjectVersion:   Dev-Enterprise (9DFFBCD6-494F-0158-E221-12823C92A888): 6
LogDevObjectVersion:   Dev-Niagara (F2AED0AC-9AFE-416F-8664-AA7FFA26D6FC): 1
LogDevObjectVersion:   Dev-Destruction (174F1F0B-B4C6-45A5-B13F-2EE8D0FB917D): 2
LogInit: Presizing for max 16777216 objects, including 0 objects not considered by GC, pre-allocating 0 bytes for permanent pool.
LogInit: Object subsystem initialized
LogConfig: Setting CVar [[con.DebugEarlyDefault:1]]
LogConfig: Setting CVar [[r.setres:1280x720]]
[2020.07.31-12.36.44:837][  0]LogConfig: Setting CVar [[r.VSync:0]]
[2020.07.31-12.36.44:837][  0]LogConfig: Setting CVar [[r.RHICmdBypass:0]]
[2020.07.31-12.36.44:837][  0]LogConfig: Applying CVar settings from Section [/Script/Engine.RendererSettings] File [Z:/Jos/Unreal/BuildingEscape/BuildingEscape/Saved/Config/Windows/Engine.ini]
[2020.07.31-12.36.44:837][  0]LogConfig: Setting CVar [[r.GPUCrashDebugging:0]]
[2020.07.31-12.36.44:837][  0]LogConfig: Setting CVar [[r.DefaultFeature.AutoExposure.ExtendDefaultLuminanceRange:1]]
[2020.07.31-12.36.44:837][  0]LogConfig: Applying CVar settings from Section [/Script/Engine.RendererOverrideSettings] File [Z:/Jos/Unreal/BuildingEscape/BuildingEscape/Saved/Config/Windows/Engine.ini]
[2020.07.31-12.36.44:837][  0]LogConfig: Applying CVar settings from Section [/Script/Engine.StreamingSettings] File [Z:/Jos/Unreal/BuildingEscape/BuildingEscape/Saved/Config/Windows/Engine.ini]
[2020.07.31-12.36.44:837][  0]LogConfig: Setting CVar [[s.MinBulkDataSizeForAsyncLoading:131072]]
[2020.07.31-12.36.44:837][  0]LogConfig: Setting CVar [[s.AsyncLoadingThreadEnabled:0]]
[2020.07.31-12.36.44:837][  0]LogConfig: Setting CVar [[s.EventDrivenLoaderEnabled:1]]
[2020.07.31-12.36.44:837][  0]LogConfig: Setting CVar [[s.WarnIfTimeLimitExceeded:0]]
[2020.07.31-12.36.44:837][  0]LogConfig: Setting CVar [[s.TimeLimitExceededMultiplier:1.5]]
[2020.07.31-12.36.44:837][  0]LogConfig: Setting CVar [[s.TimeLimitExceededMinTime:0.005]]
[2020.07.31-12.36.44:837][  0]LogConfig: Setting CVar [[s.UseBackgroundLevelStreaming:1]]
[2020.07.31-12.36.44:837][  0]LogConfig: Setting CVar [[s.PriorityAsyncLoadingExtraTime:15.0]]
[2020.07.31-12.36.44:837][  0]LogConfig: Setting CVar [[s.LevelStreamingActorsUpdateTimeLimit:5.0]]
[2020.07.31-12.36.44:837][  0]LogConfig: Setting CVar [[s.PriorityLevelStreamingActorsUpdateExtraTime:5.0]]
[2020.07.31-12.36.44:837][  0]LogConfig: Setting CVar [[s.LevelStreamingComponentsRegistrationGranularity:10]]
[2020.07.31-12.36.44:837][  0]LogConfig: Setting CVar [[s.UnregisterComponentsTimeLimit:1.0]]
[2020.07.31-12.36.44:837][  0]LogConfig: Setting CVar [[s.LevelStreamingComponentsUnregistrationGranularity:5]]
[2020.07.31-12.36.44:837][  0]LogConfig: Applying CVar settings from Section [/Script/Engine.GarbageCollectionSettings] File [Z:/Jos/Unreal/BuildingEscape/BuildingEscape/Saved/Config/Windows/Engine.ini]
[2020.07.31-12.36.44:837][  0]LogConfig: Setting CVar [[gc.MaxObjectsNotConsideredByGC:1]]
[2020.07.31-12.36.44:837][  0]LogConfig: Setting CVar [[gc.SizeOfPermanentObjectPool:0]]
[2020.07.31-12.36.44:837][  0]LogConfig: Setting CVar [[gc.FlushStreamingOnGC:0]]
[2020.07.31-12.36.44:837][  0]LogConfig: Setting CVar [[gc.NumRetriesBeforeForcingGC:10]]
[2020.07.31-12.36.44:837][  0]LogConfig: Setting CVar [[gc.AllowParallelGC:1]]
[2020.07.31-12.36.44:837][  0]LogConfig: Setting CVar [[gc.TimeBetweenPurgingPendingKillObjects:61.1]]
[2020.07.31-12.36.44:837][  0]LogConfig: Setting CVar [[gc.MaxObjectsInEditor:16777216]]
[2020.07.31-12.36.44:837][  0]LogConfig: Setting CVar [[gc.IncrementalBeginDestroyEnabled:1]]
[2020.07.31-12.36.44:837][  0]LogConfig: Setting CVar [[gc.CreateGCClusters:1]]
[2020.07.31-12.36.44:837][  0]LogConfig: Setting CVar [[gc.MinGCClusterSize:5]]
[2020.07.31-12.36.44:837][  0]LogConfig: Setting CVar [[gc.ActorClusteringEnabled:0]]
[2020.07.31-12.36.44:837][  0]LogConfig: Setting CVar [[gc.BlueprintClusteringEnabled:0]]
[2020.07.31-12.36.44:837][  0]LogConfig: Setting CVar [[gc.UseDisregardForGCOnDedicatedServers:0]]
[2020.07.31-12.36.44:837][  0]LogConfig: Applying CVar settings from Section [/Script/Engine.NetworkSettings] File [Z:/Jos/Unreal/BuildingEscape/BuildingEscape/Saved/Config/Windows/Engine.ini]
[2020.07.31-12.36.44:837][  0]LogConfig: Applying CVar settings from Section [/Script/UnrealEd.CookerSettings] File [Z:/Jos/Unreal/BuildingEscape/BuildingEscape/Saved/Config/Windows/Engine.ini]
[2020.07.31-12.36.44:845][  0]LogConfig: Applying CVar settings from Section [ViewDistanceQuality@3] File [Z:/Jos/Unreal/BuildingEscape/BuildingEscape/Saved/Config/Windows/Scalability.ini]
[2020.07.31-12.36.44:845][  0]LogConfig: Setting CVar [[r.SkeletalMeshLODBias:0]]
[2020.07.31-12.36.44:845][  0]LogConfig: Setting CVar [[r.ViewDistanceScale:1.0]]
[2020.07.31-12.36.44:845][  0]LogConfig: Applying CVar settings from Section [AntiAliasingQuality@3] File [Z:/Jos/Unreal/BuildingEscape/BuildingEscape/Saved/Config/Windows/Scalability.ini]
[2020.07.31-12.36.44:845][  0]LogConfig: Setting CVar [[r.PostProcessAAQuality:4]]
[2020.07.31-12.36.44:845][  0]LogConfig: Applying CVar settings from Section [ShadowQuality@3] File [Z:/Jos/Unreal/BuildingEscape/BuildingEscape/Saved/Config/Windows/Scalability.ini]
[2020.07.31-12.36.44:845][  0]LogConfig: Setting CVar [[r.LightFunctionQuality:1]]
[2020.07.31-12.36.44:845][  0]LogConfig: Setting CVar [[r.ShadowQuality:5]]
[2020.07.31-12.36.44:845][  0]LogConfig: Setting CVar [[r.Shadow.CSM.MaxCascades:10]]
[2020.07.31-12.36.44:845][  0]LogConfig: Setting CVar [[r.Shadow.MaxResolution:2048]]
[2020.07.31-12.36.44:845][  0]LogConfig: Setting CVar [[r.Shadow.MaxCSMResolution:2048]]
[2020.07.31-12.36.44:845][  0]LogConfig: Setting CVar [[r.Shadow.RadiusThreshold:0.01]]
[2020.07.31-12.36.44:845][  0]LogConfig: Setting CVar [[r.Shadow.DistanceScale:1.0]]
[2020.07.31-12.36.44:845][  0]LogConfig: Setting CVar [[r.Shadow.CSM.TransitionScale:1.0]]
[2020.07.31-12.36.44:845][  0]LogConfig: Setting CVar [[r.Shadow.PreShadowResolutionFactor:1.0]]
[2020.07.31-12.36.44:845][  0]LogConfig: Setting CVar [[r.DistanceFieldShadowing:1]]
[2020.07.31-12.36.44:845][  0]LogConfig: Setting CVar [[r.DistanceFieldAO:1]]
[2020.07.31-12.36.44:845][  0]LogConfig: Setting CVar [[r.AOQuality:2]]
[2020.07.31-12.36.44:845][  0]LogConfig: Setting CVar [[r.VolumetricFog:1]]
[2020.07.31-12.36.44:845][  0]LogConfig: Setting CVar [[r.VolumetricFog.GridPixelSize:8]]
[2020.07.31-12.36.44:845][  0]LogConfig: Setting CVar [[r.VolumetricFog.GridSizeZ:128]]
[2020.07.31-12.36.44:845][  0]LogConfig: Setting CVar [[r.VolumetricFog.HistoryMissSupersampleCount:4]]
[2020.07.31-12.36.44:845][  0]LogConfig: Setting CVar [[r.LightMaxDrawDistanceScale:1]]
[2020.07.31-12.36.44:845][  0]LogConfig: Setting CVar [[r.CapsuleShadows:1]]
[2020.07.31-12.36.44:845][  0]LogConfig: Applying CVar settings from Section [PostProcessQuality@3] File [Z:/Jos/Unreal/BuildingEscape/BuildingEscape/Saved/Config/Windows/Scalability.ini]
[2020.07.31-12.36.44:845][  0]LogConfig: Setting CVar [[r.MotionBlurQuality:4]]
[2020.07.31-12.36.44:845][  0]LogConfig: Setting CVar [[r.AmbientOcclusionMipLevelFactor:0.4]]
[2020.07.31-12.36.44:845][  0]LogConfig: Setting CVar [[r.AmbientOcclusionMaxQuality:100]]
[2020.07.31-12.36.44:845][  0]LogConfig: Setting CVar [[r.AmbientOcclusionLevels:-1]]
[2020.07.31-12.36.44:845][  0]LogConfig: Setting CVar [[r.AmbientOcclusionRadiusScale:1.0]]
[2020.07.31-12.36.44:845][  0]LogConfig: Setting CVar [[r.DepthOfFieldQuality:2]]
[2020.07.31-12.36.44:845][  0]LogConfig: Setting CVar [[r.RenderTargetPoolMin:400]]
[2020.07.31-12.36.44:845][  0]LogConfig: Setting CVar [[r.LensFlareQuality:2]]
[2020.07.31-12.36.44:845][  0]LogConfig: Setting CVar [[r.SceneColorFringeQuality:1]]
[2020.07.31-12.36.44:845][  0]LogConfig: Setting CVar [[r.EyeAdaptationQuality:2]]
[2020.07.31-12.36.44:845][  0]LogConfig: Setting CVar [[r.BloomQuality:5]]
[2020.07.31-12.36.44:845][  0]LogConfig: Setting CVar [[r.FastBlurThreshold:100]]
[2020.07.31-12.36.44:845][  0]LogConfig: Setting CVar [[r.Upscale.Quality:3]]
[2020.07.31-12.36.44:845][  0]LogConfig: Setting CVar [[r.Tonemapper.GrainQuantization:1]]
[2020.07.31-12.36.44:845][  0]LogConfig: Setting CVar [[r.LightShaftQuality:1]]
[2020.07.31-12.36.44:845][  0]LogConfig: Setting CVar [[r.Filter.SizeScale:1]]
[2020.07.31-12.36.44:845][  0]LogConfig: Setting CVar [[r.Tonemapper.Quality:5]]
[2020.07.31-12.36.44:845][  0]LogConfig: Setting CVar [[r.DOF.Gather.AccumulatorQuality:1        ; higher gathering accumulator quality]]
[2020.07.31-12.36.44:845][  0]LogConfig: Setting CVar [[r.DOF.Gather.PostfilterMethod:1          ; Median3x3 postfilering method]]
[2020.07.31-12.36.44:845][  0]LogConfig: Setting CVar [[r.DOF.Gather.EnableBokehSettings:0       ; no bokeh simulation when gathering]]
[2020.07.31-12.36.44:845][  0]LogConfig: Setting CVar [[r.DOF.Gather.RingCount:4                 ; medium number of samples when gathering]]
[2020.07.31-12.36.44:845][  0]LogConfig: Setting CVar [[r.DOF.Scatter.ForegroundCompositing:1    ; additive foreground scattering]]
[2020.07.31-12.36.44:845][  0]LogConfig: Setting CVar [[r.DOF.Scatter.BackgroundCompositing:2    ; additive background scattering]]
[2020.07.31-12.36.44:845][  0]LogConfig: Setting CVar [[r.DOF.Scatter.EnableBokehSettings:1      ; bokeh simulation when scattering]]
[2020.07.31-12.36.44:845][  0]LogConfig: Setting CVar [[r.DOF.Scatter.MaxSpriteRatio:0.1         ; only a maximum of 10% of scattered bokeh]]
[2020.07.31-12.36.44:845][  0]LogConfig: Setting CVar [[r.DOF.Recombine.Quality:1                ; cheap slight out of focus]]
[2020.07.31-12.36.44:845][  0]LogConfig: Setting CVar [[r.DOF.Recombine.EnableBokehSettings:0    ; no bokeh simulation on slight out of focus]]
[2020.07.31-12.36.44:845][  0]LogConfig: Setting CVar [[r.DOF.TemporalAAQuality:1                ; more stable temporal accumulation]]
[2020.07.31-12.36.44:845][  0]LogConfig: Setting CVar [[r.DOF.Kernel.MaxForegroundRadius:0.025]]
[2020.07.31-12.36.44:845][  0]LogConfig: Setting CVar [[r.DOF.Kernel.MaxBackgroundRadius:0.025]]
[2020.07.31-12.36.44:845][  0]LogConfig: Applying CVar settings from Section [TextureQuality@3] File [Z:/Jos/Unreal/BuildingEscape/BuildingEscape/Saved/Config/Windows/Scalability.ini]
[2020.07.31-12.36.44:845][  0]LogConfig: Setting CVar [[r.Streaming.MipBias:0]]
[2020.07.31-12.36.44:845][  0]LogConfig: Setting CVar [[r.Streaming.AmortizeCPUToGPUCopy:0]]
[2020.07.31-12.36.44:845][  0]LogConfig: Setting CVar [[r.Streaming.MaxNumTexturesToStreamPerFrame:0]]
[2020.07.31-12.36.44:845][  0]LogConfig: Setting CVar [[r.Streaming.Boost:1]]
[2020.07.31-12.36.44:845][  0]LogConfig: Setting CVar [[r.MaxAnisotropy:8]]
[2020.07.31-12.36.44:845][  0]LogConfig: Setting CVar [[r.Streaming.LimitPoolSizeToVRAM:0]]
[2020.07.31-12.36.44:845][  0]LogConfig: Setting CVar [[r.Streaming.PoolSize:1000]]
[2020.07.31-12.36.44:845][  0]LogConfig: Setting CVar [[r.Streaming.MaxEffectiveScreenSize:0]]
[2020.07.31-12.36.44:845][  0]LogConfig: Applying CVar settings from Section [EffectsQuality@3] File [Z:/Jos/Unreal/BuildingEscape/BuildingEscape/Saved/Config/Windows/Scalability.ini]
[2020.07.31-12.36.44:845][  0]LogConfig: Setting CVar [[r.TranslucencyLightingVolumeDim:64]]
[2020.07.31-12.36.44:845][  0]LogConfig: Setting CVar [[r.RefractionQuality:2]]
[2020.07.31-12.36.44:845][  0]LogConfig: Setting CVar [[r.SSR.Quality:3]]
[2020.07.31-12.36.44:845][  0]LogConfig: Setting CVar [[r.SceneColorFormat:4]]
[2020.07.31-12.36.44:845][  0]LogConfig: Setting CVar [[r.DetailMode:2]]
[2020.07.31-12.36.44:845][  0]LogConfig: Setting CVar [[r.TranslucencyVolumeBlur:1]]
[2020.07.31-12.36.44:845][  0]LogConfig: Setting CVar [[r.MaterialQualityLevel:1 ; High quality]]
[2020.07.31-12.36.44:845][  0]LogConfig: Setting CVar [[r.SSS.Scale:1]]
[2020.07.31-12.36.44:845][  0]LogConfig: Setting CVar [[r.SSS.SampleSet:2]]
[2020.07.31-12.36.44:845][  0]LogConfig: Setting CVar [[r.SSS.Quality:1]]
[2020.07.31-12.36.44:845][  0]LogConfig: Setting CVar [[r.SSS.HalfRes:1]]
[2020.07.31-12.36.44:845][  0]LogConfig: Setting CVar [[r.EmitterSpawnRateScale:1.0]]
[2020.07.31-12.36.44:845][  0]LogConfig: Setting CVar [[r.ParticleLightQuality:2]]
[2020.07.31-12.36.44:845][  0]LogConfig: Applying CVar settings from Section [FoliageQuality@3] File [Z:/Jos/Unreal/BuildingEscape/BuildingEscape/Saved/Config/Windows/Scalability.ini]
[2020.07.31-12.36.44:845][  0]LogConfig: Setting CVar [[foliage.DensityScale:1.0]]
[2020.07.31-12.36.44:845][  0]LogConfig: Setting CVar [[grass.DensityScale:1.0]]
[2020.07.31-12.36.44:847][  0]LogInit: Selected Device Profile: [Windows]
[2020.07.31-12.36.44:847][  0]LogInit: Applying CVar settings loaded from the selected device profile: [Windows]
[2020.07.31-12.36.44:867][  0]LogHAL: Display: Platform has ~ 16 GB [17093492736 / 17179869184 / 16], which maps to Larger [LargestMinGB=32, LargerMinGB=12, DefaultMinGB=8, SmallerMinGB=6, SmallestMinGB=0)
[2020.07.31-12.36.44:868][  0]LogConfig: Setting CVar [[r.Vulkan.UseRealUBs:0		; Required until we fix HLR fall-out]]
[2020.07.31-12.36.44:868][  0]LogInit: Going up to parent DeviceProfile []
[2020.07.31-12.36.44:868][  0]LogConfig: Applying CVar settings from Section [ViewDistanceQuality@3] File [Z:/Jos/Unreal/BuildingEscape/BuildingEscape/Saved/Config/Windows/Scalability.ini]
[2020.07.31-12.36.44:868][  0]LogConfig: Setting CVar [[r.SkeletalMeshLODBias:0]]
[2020.07.31-12.36.44:868][  0]LogConfig: Setting CVar [[r.ViewDistanceScale:1.0]]
[2020.07.31-12.36.44:868][  0]LogConfig: Applying CVar settings from Section [AntiAliasingQuality@3] File [Z:/Jos/Unreal/BuildingEscape/BuildingEscape/Saved/Config/Windows/Scalability.ini]
[2020.07.31-12.36.44:868][  0]LogConfig: Setting CVar [[r.PostProcessAAQuality:4]]
[2020.07.31-12.36.44:868][  0]LogConfig: Applying CVar settings from Section [ShadowQuality@3] File [Z:/Jos/Unreal/BuildingEscape/BuildingEscape/Saved/Config/Windows/Scalability.ini]
[2020.07.31-12.36.44:868][  0]LogConfig: Setting CVar [[r.LightFunctionQuality:1]]
[2020.07.31-12.36.44:868][  0]LogConfig: Setting CVar [[r.ShadowQuality:5]]
[2020.07.31-12.36.44:868][  0]LogConfig: Setting CVar [[r.Shadow.CSM.MaxCascades:10]]
[2020.07.31-12.36.44:868][  0]LogConfig: Setting CVar [[r.Shadow.MaxResolution:2048]]
[2020.07.31-12.36.44:868][  0]LogConfig: Setting CVar [[r.Shadow.MaxCSMResolution:2048]]
[2020.07.31-12.36.44:868][  0]LogConfig: Setting CVar [[r.Shadow.RadiusThreshold:0.01]]
[2020.07.31-12.36.44:868][  0]LogConfig: Setting CVar [[r.Shadow.DistanceScale:1.0]]
[2020.07.31-12.36.44:868][  0]LogConfig: Setting CVar [[r.Shadow.CSM.TransitionScale:1.0]]
[2020.07.31-12.36.44:868][  0]LogConfig: Setting CVar [[r.Shadow.PreShadowResolutionFactor:1.0]]
[2020.07.31-12.36.44:868][  0]LogConfig: Setting CVar [[r.DistanceFieldShadowing:1]]
[2020.07.31-12.36.44:868][  0]LogConfig: Setting CVar [[r.DistanceFieldAO:1]]
[2020.07.31-12.36.44:868][  0]LogConfig: Setting CVar [[r.AOQuality:2]]
[2020.07.31-12.36.44:868][  0]LogConfig: Setting CVar [[r.VolumetricFog:1]]
[2020.07.31-12.36.44:868][  0]LogConfig: Setting CVar [[r.VolumetricFog.GridPixelSize:8]]
[2020.07.31-12.36.44:868][  0]LogConfig: Setting CVar [[r.VolumetricFog.GridSizeZ:128]]
[2020.07.31-12.36.44:869][  0]LogConfig: Setting CVar [[r.VolumetricFog.HistoryMissSupersampleCount:4]]
[2020.07.31-12.36.44:869][  0]LogConfig: Setting CVar [[r.LightMaxDrawDistanceScale:1]]
[2020.07.31-12.36.44:869][  0]LogConfig: Setting CVar [[r.CapsuleShadows:1]]
[2020.07.31-12.36.44:869][  0]LogConfig: Applying CVar settings from Section [PostProcessQuality@3] File [Z:/Jos/Unreal/BuildingEscape/BuildingEscape/Saved/Config/Windows/Scalability.ini]
[2020.07.31-12.36.44:869][  0]LogConfig: Setting CVar [[r.MotionBlurQuality:4]]
[2020.07.31-12.36.44:869][  0]LogConfig: Setting CVar [[r.AmbientOcclusionMipLevelFactor:0.4]]
[2020.07.31-12.36.44:869][  0]LogConfig: Setting CVar [[r.AmbientOcclusionMaxQuality:100]]
[2020.07.31-12.36.44:869][  0]LogConfig: Setting CVar [[r.AmbientOcclusionLevels:-1]]
[2020.07.31-12.36.44:869][  0]LogConfig: Setting CVar [[r.AmbientOcclusionRadiusScale:1.0]]
[2020.07.31-12.36.44:869][  0]LogConfig: Setting CVar [[r.DepthOfFieldQuality:2]]
[2020.07.31-12.36.44:869][  0]LogConfig: Setting CVar [[r.RenderTargetPoolMin:400]]
[2020.07.31-12.36.44:869][  0]LogConfig: Setting CVar [[r.LensFlareQuality:2]]
[2020.07.31-12.36.44:869][  0]LogConfig: Setting CVar [[r.SceneColorFringeQuality:1]]
[2020.07.31-12.36.44:869][  0]LogConfig: Setting CVar [[r.EyeAdaptationQuality:2]]
[2020.07.31-12.36.44:869][  0]LogConfig: Setting CVar [[r.BloomQuality:5]]
[2020.07.31-12.36.44:869][  0]LogConfig: Setting CVar [[r.FastBlurThreshold:100]]
[2020.07.31-12.36.44:869][  0]LogConfig: Setting CVar [[r.Upscale.Quality:3]]
[2020.07.31-12.36.44:869][  0]LogConfig: Setting CVar [[r.Tonemapper.GrainQuantization:1]]
[2020.07.31-12.36.44:869][  0]LogConfig: Setting CVar [[r.LightShaftQuality:1]]
[2020.07.31-12.36.44:869][  0]LogConfig: Setting CVar [[r.Filter.SizeScale:1]]
[2020.07.31-12.36.44:869][  0]LogConfig: Setting CVar [[r.Tonemapper.Quality:5]]
[2020.07.31-12.36.44:869][  0]LogConfig: Setting CVar [[r.DOF.Gather.AccumulatorQuality:1        ; higher gathering accumulator quality]]
[2020.07.31-12.36.44:869][  0]LogConfig: Setting CVar [[r.DOF.Gather.PostfilterMethod:1          ; Median3x3 postfilering method]]
[2020.07.31-12.36.44:869][  0]LogConfig: Setting CVar [[r.DOF.Gather.EnableBokehSettings:0       ; no bokeh simulation when gathering]]
[2020.07.31-12.36.44:869][  0]LogConfig: Setting CVar [[r.DOF.Gather.RingCount:4                 ; medium number of samples when gathering]]
[2020.07.31-12.36.44:869][  0]LogConfig: Setting CVar [[r.DOF.Scatter.ForegroundCompositing:1    ; additive foreground scattering]]
[2020.07.31-12.36.44:869][  0]LogConfig: Setting CVar [[r.DOF.Scatter.BackgroundCompositing:2    ; additive background scattering]]
[2020.07.31-12.36.44:869][  0]LogConfig: Setting CVar [[r.DOF.Scatter.EnableBokehSettings:1      ; bokeh simulation when scattering]]
[2020.07.31-12.36.44:869][  0]LogConfig: Setting CVar [[r.DOF.Scatter.MaxSpriteRatio:0.1         ; only a maximum of 10% of scattered bokeh]]
[2020.07.31-12.36.44:869][  0]LogConfig: Setting CVar [[r.DOF.Recombine.Quality:1                ; cheap slight out of focus]]
[2020.07.31-12.36.44:869][  0]LogConfig: Setting CVar [[r.DOF.Recombine.EnableBokehSettings:0    ; no bokeh simulation on slight out of focus]]
[2020.07.31-12.36.44:869][  0]LogConfig: Setting CVar [[r.DOF.TemporalAAQuality:1                ; more stable temporal accumulation]]
[2020.07.31-12.36.44:869][  0]LogConfig: Setting CVar [[r.DOF.Kernel.MaxForegroundRadius:0.025]]
[2020.07.31-12.36.44:869][  0]LogConfig: Setting CVar [[r.DOF.Kernel.MaxBackgroundRadius:0.025]]
[2020.07.31-12.36.44:869][  0]LogConfig: Applying CVar settings from Section [TextureQuality@3] File [Z:/Jos/Unreal/BuildingEscape/BuildingEscape/Saved/Config/Windows/Scalability.ini]
[2020.07.31-12.36.44:869][  0]LogConfig: Setting CVar [[r.Streaming.MipBias:0]]
[2020.07.31-12.36.44:869][  0]LogConfig: Setting CVar [[r.Streaming.AmortizeCPUToGPUCopy:0]]
[2020.07.31-12.36.44:869][  0]LogConfig: Setting CVar [[r.Streaming.MaxNumTexturesToStreamPerFrame:0]]
[2020.07.31-12.36.44:869][  0]LogConfig: Setting CVar [[r.Streaming.Boost:1]]
[2020.07.31-12.36.44:869][  0]LogConfig: Setting CVar [[r.MaxAnisotropy:8]]
[2020.07.31-12.36.44:869][  0]LogConfig: Setting CVar [[r.Streaming.LimitPoolSizeToVRAM:0]]
[2020.07.31-12.36.44:869][  0]LogConfig: Setting CVar [[r.Streaming.PoolSize:1000]]
[2020.07.31-12.36.44:869][  0]LogConfig: Setting CVar [[r.Streaming.MaxEffectiveScreenSize:0]]
[2020.07.31-12.36.44:869][  0]LogConfig: Applying CVar settings from Section [EffectsQuality@3] File [Z:/Jos/Unreal/BuildingEscape/BuildingEscape/Saved/Config/Windows/Scalability.ini]
[2020.07.31-12.36.44:869][  0]LogConfig: Setting CVar [[r.TranslucencyLightingVolumeDim:64]]
[2020.07.31-12.36.44:869][  0]LogConfig: Setting CVar [[r.RefractionQuality:2]]
[2020.07.31-12.36.44:869][  0]LogConfig: Setting CVar [[r.SSR.Quality:3]]
[2020.07.31-12.36.44:869][  0]LogConfig: Setting CVar [[r.SceneColorFormat:4]]
[2020.07.31-12.36.44:869][  0]LogConfig: Setting CVar [[r.DetailMode:2]]
[2020.07.31-12.36.44:869][  0]LogConfig: Setting CVar [[r.TranslucencyVolumeBlur:1]]
[2020.07.31-12.36.44:869][  0]LogConfig: Setting CVar [[r.MaterialQualityLevel:1 ; High quality]]
[2020.07.31-12.36.44:869][  0]LogConfig: Setting CVar [[r.SSS.Scale:1]]
[2020.07.31-12.36.44:869][  0]LogConfig: Setting CVar [[r.SSS.SampleSet:2]]
[2020.07.31-12.36.44:869][  0]LogConfig: Setting CVar [[r.SSS.Quality:1]]
[2020.07.31-12.36.44:869][  0]LogConfig: Setting CVar [[r.SSS.HalfRes:1]]
[2020.07.31-12.36.44:869][  0]LogConfig: Setting CVar [[r.EmitterSpawnRateScale:1.0]]
[2020.07.31-12.36.44:869][  0]LogConfig: Setting CVar [[r.ParticleLightQuality:2]]
[2020.07.31-12.36.44:869][  0]LogConfig: Applying CVar settings from Section [FoliageQuality@3] File [Z:/Jos/Unreal/BuildingEscape/BuildingEscape/Saved/Config/Windows/Scalability.ini]
[2020.07.31-12.36.44:869][  0]LogConfig: Setting CVar [[foliage.DensityScale:1.0]]
[2020.07.31-12.36.44:869][  0]LogConfig: Setting CVar [[grass.DensityScale:1.0]]
[2020.07.31-12.36.44:869][  0]LogConfig: Applying CVar settings from Section [Startup] File [../../../Engine/Config/ConsoleVariables.ini]
[2020.07.31-12.36.44:873][  0]LogConfig: Setting CVar [[net.UseAdaptiveNetUpdateFrequency:0]]
[2020.07.31-12.36.44:873][  0]LogConfig: Setting CVar [[p.chaos.AllowCreatePhysxBodies:1]]
[2020.07.31-12.36.44:873][  0]LogConfig: Applying CVar settings from Section [ConsoleVariables] File [Z:/Jos/Unreal/BuildingEscape/BuildingEscape/Saved/Config/Windows/Engine.ini]
[2020.07.31-12.36.44:874][  0]LogInit: Computer: DESKTOP-FC75NCE
[2020.07.31-12.36.44:874][  0]LogInit: User: Jos
[2020.07.31-12.36.44:874][  0]LogInit: CPU Page size=4096, Cores=4
[2020.07.31-12.36.44:874][  0]LogInit: High frequency timer resolution =10.000000 MHz
[2020.07.31-12.36.44:874][  0]LogMemory: Memory total: Physical=15.9GB (16GB approx)
[2020.07.31-12.36.44:874][  0]LogMemory: Platform Memory Stats for Windows
[2020.07.31-12.36.44:874][  0]LogMemory: Process Physical Memory: 99.55 MB used, 99.55 MB peak
[2020.07.31-12.36.44:874][  0]LogMemory: Process Virtual Memory: 90.87 MB used, 90.87 MB peak
[2020.07.31-12.36.44:874][  0]LogMemory: Physical Memory: 6249.04 MB used,  10052.59 MB free, 16301.63 MB total
[2020.07.31-12.36.44:874][  0]LogMemory: Virtual Memory: 4644.40 MB used,  134213080.00 MB free, 134217728.00 MB total
[2020.07.31-12.36.45:115][  0]LogInit: Using OS detected language (en-GB).
[2020.07.31-12.36.45:115][  0]LogInit: Using OS detected locale (en-GB).
[2020.07.31-12.36.45:116][  0]LogTextLocalizationManager: No specific localization for 'en-GB' exists, so the 'en' localization will be used.
[2020.07.31-12.36.45:349][  0]LogInit: Setting process to per monitor DPI aware
[2020.07.31-12.36.45:440][  0]LogSlate: New Slate User Created.  User Index 0, Is Virtual User: 0
[2020.07.31-12.36.45:440][  0]LogSlate: Slate User Registered.  User Index 0, Is Virtual User: 0
[2020.07.31-12.36.47:247][  0]LogHMD: Failed to initialize OpenVR with code 110
[2020.07.31-12.36.47:247][  0]LogD3D11RHI: D3D11 adapters:
[2020.07.31-12.36.47:296][  0]LogD3D11RHI:    0. 'NVIDIA GeForce GTX 970' (Feature Level 11_0)
[2020.07.31-12.36.47:296][  0]LogD3D11RHI:       4043/0/8150 MB DedicatedVideo/DedicatedSystem/SharedSystem, Outputs:2, VendorId:0x10de
[2020.07.31-12.36.47:299][  0]LogD3D11RHI:    1. 'Microsoft Basic Render Driver' (Feature Level 11_0)
[2020.07.31-12.36.47:299][  0]LogD3D11RHI:       0/0/8150 MB DedicatedVideo/DedicatedSystem/SharedSystem, Outputs:0, VendorId:0x1414
[2020.07.31-12.36.47:299][  0]LogD3D11RHI: Chosen D3D11 Adapter: 0
[2020.07.31-12.36.47:305][  0]LogD3D11RHI: Creating new Direct3DDevice
[2020.07.31-12.36.47:306][  0]LogD3D11RHI:     GPU DeviceId: 0x13c2 (for the marketing name, search the web for "GPU Device Id")
[2020.07.31-12.36.47:306][  0]LogWindows: EnumDisplayDevices:
[2020.07.31-12.36.47:306][  0]LogWindows:    0. 'NVIDIA GeForce GTX 970' (P:1 D:1)
[2020.07.31-12.36.47:306][  0]LogWindows:    1. 'NVIDIA GeForce GTX 970' (P:0 D:1)
[2020.07.31-12.36.47:306][  0]LogWindows:    2. 'NVIDIA GeForce GTX 970' (P:0 D:0)
[2020.07.31-12.36.47:306][  0]LogWindows:    3. 'NVIDIA GeForce GTX 970' (P:0 D:0)
[2020.07.31-12.36.47:307][  0]LogWindows: DebugString: FoundDriverCount:4 
[2020.07.31-12.36.47:307][  0]LogD3D11RHI:     Adapter Name: NVIDIA GeForce GTX 970
[2020.07.31-12.36.47:307][  0]LogD3D11RHI:   Driver Version: 432.00 (internal:26.21.14.3200, unified:432.00)
[2020.07.31-12.36.47:307][  0]LogD3D11RHI:      Driver Date: 7-24-2019
[2020.07.31-12.36.47:307][  0]LogRHI: Texture pool is 2830 MB (70% of 4043 MB)
[2020.07.31-12.36.47:342][  0]LogD3D11RHI: Async texture creation enabled
[2020.07.31-12.36.47:352][  0]LogRendererCore: FGlobalReadBuffer::InitRHI
[2020.07.31-12.36.47:353][  0]LogRendererCore: FGlobalReadBuffer::InitRHI
[2020.07.31-12.36.47:353][  0]LogRendererCore: FGlobalReadBuffer::InitRHI
[2020.07.31-12.36.47:362][  0]LogD3D11RHI: GPU Timing Frequency: 1000.000000 (Debug: 2 1)
[2020.07.31-12.36.47:738][  0]LogTemp: Display: Module 'AllDesktopTargetPlatform' loaded TargetPlatform 'AllDesktop'
[2020.07.31-12.36.47:750][  0]LogTemp: Display: Module 'MacClientTargetPlatform' loaded TargetPlatform 'MacClient'
[2020.07.31-12.36.47:761][  0]LogTemp: Display: Module 'MacNoEditorTargetPlatform' loaded TargetPlatform 'MacNoEditor'
[2020.07.31-12.36.47:773][  0]LogTemp: Display: Module 'MacServerTargetPlatform' loaded TargetPlatform 'MacServer'
[2020.07.31-12.36.47:789][  0]LogTemp: Display: Module 'MacTargetPlatform' loaded TargetPlatform 'Mac'
[2020.07.31-12.36.47:802][  0]LogTemp: Display: Module 'WindowsClientTargetPlatform' loaded TargetPlatform 'WindowsClient'
[2020.07.31-12.36.47:814][  0]LogTemp: Display: Module 'WindowsNoEditorTargetPlatform' loaded TargetPlatform 'WindowsNoEditor'
[2020.07.31-12.36.47:826][  0]LogTemp: Display: Module 'WindowsServerTargetPlatform' loaded TargetPlatform 'WindowsServer'
[2020.07.31-12.36.47:833][  0]LogTemp: Display: Module 'WindowsTargetPlatform' loaded TargetPlatform 'Windows'
[2020.07.31-12.36.47:902][  0]LogTemp: Display: Module 'AndroidTargetPlatform' loaded TargetPlatform 'Android'
[2020.07.31-12.36.47:902][  0]LogTemp: Display: Module 'AndroidTargetPlatform' loaded TargetPlatform 'Android_ASTC'
[2020.07.31-12.36.47:902][  0]LogTemp: Display: Module 'AndroidTargetPlatform' loaded TargetPlatform 'Android_ATC'
[2020.07.31-12.36.47:902][  0]LogTemp: Display: Module 'AndroidTargetPlatform' loaded TargetPlatform 'Android_DXT'
[2020.07.31-12.36.47:902][  0]LogTemp: Display: Module 'AndroidTargetPlatform' loaded TargetPlatform 'Android_ETC1'
[2020.07.31-12.36.47:902][  0]LogTemp: Display: Module 'AndroidTargetPlatform' loaded TargetPlatform 'Android_ETC1a'
[2020.07.31-12.36.47:902][  0]LogTemp: Display: Module 'AndroidTargetPlatform' loaded TargetPlatform 'Android_ETC2'
[2020.07.31-12.36.47:902][  0]LogTemp: Display: Module 'AndroidTargetPlatform' loaded TargetPlatform 'Android_PVRTC'
[2020.07.31-12.36.47:902][  0]LogTemp: Display: Module 'AndroidTargetPlatform' loaded TargetPlatform 'AndroidClient'
[2020.07.31-12.36.47:902][  0]LogTemp: Display: Module 'AndroidTargetPlatform' loaded TargetPlatform 'Android_ASTCClient'
[2020.07.31-12.36.47:902][  0]LogTemp: Display: Module 'AndroidTargetPlatform' loaded TargetPlatform 'Android_ATCClient'
[2020.07.31-12.36.47:902][  0]LogTemp: Display: Module 'AndroidTargetPlatform' loaded TargetPlatform 'Android_DXTClient'
[2020.07.31-12.36.47:902][  0]LogTemp: Display: Module 'AndroidTargetPlatform' loaded TargetPlatform 'Android_ETC1Client'
[2020.07.31-12.36.47:902][  0]LogTemp: Display: Module 'AndroidTargetPlatform' loaded TargetPlatform 'Android_ETC1aClient'
[2020.07.31-12.36.47:902][  0]LogTemp: Display: Module 'AndroidTargetPlatform' loaded TargetPlatform 'Android_ETC2Client'
[2020.07.31-12.36.47:902][  0]LogTemp: Display: Module 'AndroidTargetPlatform' loaded TargetPlatform 'Android_PVRTCClient'
[2020.07.31-12.36.47:902][  0]LogTemp: Display: Module 'AndroidTargetPlatform' loaded TargetPlatform 'Android_Multi'
[2020.07.31-12.36.47:902][  0]LogTemp: Display: Module 'AndroidTargetPlatform' loaded TargetPlatform 'Android_MultiClient'
[2020.07.31-12.36.47:906][  0]LogTemp: Display: Module 'HTML5TargetPlatform' loaded TargetPlatform 'HTML5'
[2020.07.31-12.36.47:961][  0]LogTemp: Display: Module 'IOSTargetPlatform' loaded TargetPlatform 'IOSClient'
[2020.07.31-12.36.47:961][  0]LogTemp: Display: Module 'IOSTargetPlatform' loaded TargetPlatform 'IOS'
[2020.07.31-12.36.47:980][  0]LogTemp: Display: Module 'TVOSTargetPlatform' loaded TargetPlatform 'TVOSClient'
[2020.07.31-12.36.47:980][  0]LogTemp: Display: Module 'TVOSTargetPlatform' loaded TargetPlatform 'TVOS'
[2020.07.31-12.36.47:991][  0]LogTemp: Display: Module 'LinuxClientTargetPlatform' loaded TargetPlatform 'LinuxClient'
[2020.07.31-12.36.48:002][  0]LogTemp: Display: Module 'LinuxNoEditorTargetPlatform' loaded TargetPlatform 'LinuxNoEditor'
[2020.07.31-12.36.48:013][  0]LogTemp: Display: Module 'LinuxServerTargetPlatform' loaded TargetPlatform 'LinuxServer'
[2020.07.31-12.36.48:032][  0]LogTemp: Display: Module 'LinuxTargetPlatform' loaded TargetPlatform 'Linux'
[2020.07.31-12.36.48:069][  0]LogTemp: Display: Module 'LuminTargetPlatform' loaded TargetPlatform 'Lumin'
[2020.07.31-12.36.48:069][  0]LogTemp: Display: Module 'LuminTargetPlatform' loaded TargetPlatform 'LuminClient'
[2020.07.31-12.36.48:070][  0]LogTargetPlatformManager: Display: Building Assets For Windows
[2020.07.31-12.36.48:115][  0]LogAudioDebug: Display: Lib vorbis DLL was dynamically loaded.
[2020.07.31-12.36.48:290][  0]LogShaderCompilers: Guid format shader working directory is 0 characters bigger than the processId version (Z:/Jos/Unreal/BuildingEscape/BuildingEscape/Intermediate/Shaders/WorkingDirectory/17328/).
[2020.07.31-12.36.48:290][  0]LogShaderCompilers: Cleaned the shader compiler working directory 'C:/Users/Jos/AppData/Local/Temp/UnrealShaderWorkingDir/D726A54F444D28F612547F934E6F4CC3/'.
[2020.07.31-12.36.48:296][  0]LogXGEController: Cleaning working directory: C:/Users/Jos/AppData/Local/Temp/UnrealXGEWorkingDir/
[2020.07.31-12.36.48:296][  0]LogXGEController: Cannot use XGE Controller as Incredibuild is not installed on this machine.
[2020.07.31-12.36.48:296][  0]LogShaderCompilers: Cannot use XGE Shader Compiler as Incredibuild is not installed on this machine.
[2020.07.31-12.36.48:296][  0]LogShaderCompilers: Display: Using Local Shader Compiler.
[2020.07.31-12.36.50:189][  0]LogDerivedDataCache: Display: Max Cache Size: 512 MB
[2020.07.31-12.36.50:420][  0]LogDerivedDataCache: Loaded boot cache 0.23s 71MB C:/Users/Jos/AppData/Local/UnrealEngine/4.22/DerivedDataCache/Boot.ddc.
[2020.07.31-12.36.50:420][  0]LogDerivedDataCache: Display: Loaded Boot cache: C:/Users/Jos/AppData/Local/UnrealEngine/4.22/DerivedDataCache/Boot.ddc
[2020.07.31-12.36.50:420][  0]LogDerivedDataCache: FDerivedDataBackendGraph:  Pak pak cache file Z:/Jos/Unreal/BuildingEscape/BuildingEscape/DerivedDataCache/DDC.ddp not found, will not use a pak cache.
[2020.07.31-12.36.50:420][  0]LogDerivedDataCache: Unable to find inner node Pak for hierarchical cache Hierarchy.
[2020.07.31-12.36.50:420][  0]LogDerivedDataCache: FDerivedDataBackendGraph:  CompressedPak pak cache file Z:/Jos/Unreal/BuildingEscape/BuildingEscape/DerivedDataCache/Compressed.ddp not found, will not use a pak cache.
[2020.07.31-12.36.50:420][  0]LogDerivedDataCache: Unable to find inner node CompressedPak for hierarchical cache Hierarchy.
[2020.07.31-12.36.50:456][  0]LogDerivedDataCache: Display: Pak cache opened for reading ../../../Engine/DerivedDataCache/Compressed.ddp.
[2020.07.31-12.36.50:456][  0]LogDerivedDataCache: FDerivedDataBackendGraph:  EnterprisePak pak cache file ../../../Enterprise/DerivedDataCache/Compressed.ddp not found, will not use a pak cache.
[2020.07.31-12.36.50:456][  0]LogDerivedDataCache: Unable to find inner node EnterprisePak for hierarchical cache Hierarchy.
[2020.07.31-12.36.50:470][  0]LogDerivedDataCache: Using Local data cache path C:/Users/Jos/AppData/Local/UnrealEngine/Common/DerivedDataCache: Writable
[2020.07.31-12.36.50:470][  0]LogDerivedDataCache: Shared data cache path not found in *engine.ini, will not use an Shared cache.
[2020.07.31-12.36.50:470][  0]LogDerivedDataCache: Unable to find inner node Shared for hierarchical cache Hierarchy.
[2020.07.31-12.36.50:504][  0]LogMaterial: Verifying Global Shaders for PCD3D_SM5
[2020.07.31-12.36.50:511][  0]LogSlate: Using FreeType 2.6.0
[2020.07.31-12.36.50:526][  0]LogSlate: SlateFontServices - WITH_FREETYPE: 1, WITH_HARFBUZZ: 1
[2020.07.31-12.36.50:845][  0]LogAssetRegistry: FAssetRegistry took 0.0322 seconds to start up
[2020.07.31-12.36.51:191][  0]LogInit: Selected Device Profile: [Windows]
[2020.07.31-12.36.51:472][  0]LogMeshReduction: Using QuadricMeshReduction for automatic static mesh reduction
[2020.07.31-12.36.51:472][  0]LogMeshReduction: Using SimplygonMeshReduction for automatic skeletal mesh reduction
[2020.07.31-12.36.51:472][  0]LogMeshReduction: Using ProxyLODMeshReduction for automatic mesh merging
[2020.07.31-12.36.51:472][  0]LogMeshReduction: No distributed automatic mesh merging module available
[2020.07.31-12.36.51:473][  0]LogMeshMerging: No distributed automatic mesh merging module available
[2020.07.31-12.36.51:521][  0]LogNetVersion: BuildingEscape 1.0.0, NetCL: 5660361, EngineNetVer: 10, GameNetVer: 0 (Checksum: 1788021529)
[2020.07.31-12.36.52:600][  0]LogPackageLocalizationCache: Processed 10 localized package path(s) for 1 prioritized culture(s) in 0.036410 seconds
[2020.07.31-12.36.52:605][  0]LogUObjectArray: 42205 objects as part of root set at end of initial load.
[2020.07.31-12.36.52:605][  0]LogUObjectAllocator: 7325032 out of 0 bytes used by permanent object pool.
[2020.07.31-12.36.52:605][  0]LogUObjectArray: CloseDisregardForGC: 0/0 objects in disregard for GC pool
[2020.07.31-12.36.55:293][  0]LogTcpMessaging: Initializing TcpMessaging bridge
[2020.07.31-12.36.55:310][  0]LogUdpMessaging: Initializing bridge on interface 0.0.0.0:0 to multicast group 230.0.0.1:6666.
[2020.07.31-12.36.55:497][  0]SourceControl: Source control is disabled
[2020.07.31-12.36.55:497][  0]SourceControl: Source control is disabled
[2020.07.31-12.36.55:510][  0]SourceControl: Source control is disabled
[2020.07.31-12.36.55:515][  0]SourceControl: Source control is disabled
[2020.07.31-12.36.55:710][  0]LogAndroidPermission: UAndroidPermissionCallbackProxy::GetInstance
[2020.07.31-12.36.55:823][  0]LogOcInput: OculusInput pre-init called
[2020.07.31-12.36.56:571][  0]LogEngine: Initializing Engine...
[2020.07.31-12.36.56:573][  0]LogHMD: Failed to initialize OpenVR with code 110
[2020.07.31-12.36.56:575][  0]LogStats: UGameplayTagsManager::InitializeManager -  0.001 s
[2020.07.31-12.36.56:910][  0]LogInit: Initializing FReadOnlyCVARCache
[2020.07.31-12.36.56:972][  0]LogAIModule: Creating AISystem for world Untitled
[2020.07.31-12.36.57:009][  0]LogInit: XAudio2 using 'S22E390 (NVIDIA High Definition Audio)' : 2 channels at 48 kHz using 16 bits per sample (channel mask 0x3)
[2020.07.31-12.36.57:130][  0]LogInit: FAudioDevice initialized.
[2020.07.31-12.36.57:130][  0]LogNetVersion: Set ProjectVersion to 1.0.0.0. Version Checksum will be recalculated on next use.
[2020.07.31-12.36.57:446][  0]LogDerivedDataCache: Saved boot cache 0.32s 71MB C:/Users/Jos/AppData/Local/UnrealEngine/4.22/DerivedDataCache/Boot.ddc.
[2020.07.31-12.36.57:463][  0]LogInit: Texture streaming: Enabled
[2020.07.31-12.36.57:513][  0]LogEngineSessionManager: EngineSessionManager initialized
[2020.07.31-12.36.57:553][  0]LogInit: Transaction tracking system initialized
[2020.07.31-12.36.57:613][  0]BlueprintLog: New page: Editor Load
[2020.07.31-12.36.57:828][  0]LocalizationService: Localization service is disabled
[2020.07.31-12.36.57:974][  0]LogLinker: Warning: Can't find file '/Game/FirstPersonBP/FirstPersonOverview'
[2020.07.31-12.36.57:974][  0]LogLinker: Warning: Can't find file '/Game/FirstPersonBP/FirstPersonOverview'
[2020.07.31-12.36.57:974][  0]LogUObjectGlobals: Warning: Failed to find object 'Class /Game/FirstPersonBP/FirstPersonOverview.FirstPersonOverview_C'
[2020.07.31-12.36.58:575][  0]LogFileCache: Scanning file cache for directory 'Z:/Jos/Unreal/BuildingEscape/BuildingEscape/Content/' took 0.01s
[2020.07.31-12.36.58:575][  0]LogCook: Display: Max memory allowance for cook 16384mb min free memory 0mb
[2020.07.31-12.36.58:575][  0]LogCook: Display: Mobile HDR setting 1
[2020.07.31-12.36.59:006][  0]SourceControl: Source control is disabled
[2020.07.31-12.36.59:007][  0]Cmd: MAP LOAD FILE="Z:/Jos/Unreal/BuildingEscape/BuildingEscape/Content/FirstLevel.umap" TEMPLATE=0 SHOWPROGRESS=1 FEATURELEVEL=3
[2020.07.31-12.36.59:008][  0]LightingResults: New page: Lighting Build
[2020.07.31-12.36.59:017][  0]MapCheck: New page: Map Check
[2020.07.31-12.36.59:017][  0]LightingResults: New page: Lighting Build
[2020.07.31-12.36.59:039][  0]LogUObjectHash: Compacting FUObjectHashTables data took   1.19ms
[2020.07.31-12.36.59:200][  0]LogAIModule: Creating AISystem for world FirstLevel
[2020.07.31-12.36.59:224][  0]LogEditorServer: Finished looking for orphan Actors (0.000 secs)
[2020.07.31-12.36.59:246][  0]LogUObjectHash: Compacting FUObjectHashTables data took   1.41ms
[2020.07.31-12.36.59:246][  0]Cmd: MAP CHECKDEP NOCLEARLOG
[2020.07.31-12.36.59:247][  0]MapCheck: Map check complete: 0 Error(s), 0 Warning(s), took 0.071ms to complete.
[2020.07.31-12.36.59:247][  0]LogFileHelpers: Loading map 'FirstLevel' took 0.241
[2020.07.31-12.36.59:426][  0]LogSlate: Updating window title bar state: overlay mode, drag disabled, window buttons hidden, title bar hidden
[2020.07.31-12.36.59:434][  0]LogSlate: Updating window title bar state: overlay mode, drag disabled, window buttons hidden, title bar hidden
[2020.07.31-12.36.59:439][  0]LogSlate: Updating window title bar state: overlay mode, drag disabled, window buttons hidden, title bar hidden
[2020.07.31-12.36.59:445][  0]LogSlate: Updating window title bar state: overlay mode, drag disabled, window buttons hidden, title bar hidden
[2020.07.31-12.36.59:465][  0]LogCollectionManager: Loaded 0 collections in 0.001537 seconds
[2020.07.31-12.36.59:521][  0]LogFileCache: Scanning file cache for directory 'Z:/Jos/Unreal/BuildingEscape/BuildingEscape/Saved/Collections/' took 0.01s
[2020.07.31-12.36.59:521][  0]LogFileCache: Scanning file cache for directory 'Z:/Jos/Unreal/BuildingEscape/BuildingEscape/Content/Developers/Jos/Collections/' took 0.01s
[2020.07.31-12.36.59:521][  0]LogFileCache: Scanning file cache for directory 'Z:/Jos/Unreal/BuildingEscape/BuildingEscape/Content/Collections/' took 0.01s
[2020.07.31-12.36.59:521][  0]LogCollectionManager: Rebuilt the GUID cache for 0 collections in 0.000000 seconds
[2020.07.31-12.36.59:531][  0]LogContentBrowser: Native class hierarchy populated in 0.0087 seconds. Added 2734 classes and 661 folders.
[2020.07.31-12.36.59:545][  0]LogContentBrowser: Native class hierarchy updated for 'WidgetCarousel' in 0.0004 seconds. Added 0 classes and 0 folders.
[2020.07.31-12.36.59:552][  0]LogPakFile: Registered encryption key '00000000000000000000000000000000': 0 pak files mounted, 0 remain pending
[2020.07.31-12.36.59:560][  0]LogPakFile: Registered encryption key '00000000000000000000000000000000': 0 pak files mounted, 0 remain pending
[2020.07.31-12.36.59:574][  0]LogPakFile: Registered encryption key '00000000000000000000000000000000': 0 pak files mounted, 0 remain pending
[2020.07.31-12.36.59:580][  0]LogPakFile: Registered encryption key '00000000000000000000000000000000': 0 pak files mounted, 0 remain pending
[2020.07.31-12.36.59:585][  0]LogPakFile: Registered encryption key '00000000000000000000000000000000': 0 pak files mounted, 0 remain pending
[2020.07.31-12.36.59:590][  0]LogPakFile: Registered encryption key '00000000000000000000000000000000': 0 pak files mounted, 0 remain pending
[2020.07.31-12.36.59:595][  0]LogPakFile: Registered encryption key '00000000000000000000000000000000': 0 pak files mounted, 0 remain pending
[2020.07.31-12.36.59:600][  0]LogPakFile: Registered encryption key '00000000000000000000000000000000': 0 pak files mounted, 0 remain pending
[2020.07.31-12.36.59:606][  0]LogPakFile: Registered encryption key '00000000000000000000000000000000': 0 pak files mounted, 0 remain pending
[2020.07.31-12.36.59:612][  0]LogPakFile: Registered encryption key '00000000000000000000000000000000': 0 pak files mounted, 0 remain pending
[2020.07.31-12.36.59:618][  0]LogPakFile: Registered encryption key '00000000000000000000000000000000': 0 pak files mounted, 0 remain pending
[2020.07.31-12.36.59:623][  0]LogPakFile: Registered encryption key '00000000000000000000000000000000': 0 pak files mounted, 0 remain pending
[2020.07.31-12.36.59:628][  0]LogPakFile: Registered encryption key '00000000000000000000000000000000': 0 pak files mounted, 0 remain pending
[2020.07.31-12.36.59:634][  0]LogPakFile: Registered encryption key '00000000000000000000000000000000': 0 pak files mounted, 0 remain pending
[2020.07.31-12.36.59:639][  0]LogPakFile: Registered encryption key '00000000000000000000000000000000': 0 pak files mounted, 0 remain pending
[2020.07.31-12.36.59:644][  0]LogPakFile: Registered encryption key '00000000000000000000000000000000': 0 pak files mounted, 0 remain pending
[2020.07.31-12.36.59:669][  0]LogPakFile: Registered encryption key '00000000000000000000000000000000': 0 pak files mounted, 0 remain pending
[2020.07.31-12.36.59:675][  0]LogPakFile: Registered encryption key '00000000000000000000000000000000': 0 pak files mounted, 0 remain pending
[2020.07.31-12.36.59:680][  0]LogPakFile: Registered encryption key '00000000000000000000000000000000': 0 pak files mounted, 0 remain pending
[2020.07.31-12.36.59:685][  0]LogPakFile: Registered encryption key '00000000000000000000000000000000': 0 pak files mounted, 0 remain pending
[2020.07.31-12.36.59:690][  0]LogPakFile: Registered encryption key '00000000000000000000000000000000': 0 pak files mounted, 0 remain pending
[2020.07.31-12.36.59:696][  0]LogPakFile: Registered encryption key '00000000000000000000000000000000': 0 pak files mounted, 0 remain pending
[2020.07.31-12.36.59:779][  0]LogPakFile: Registered encryption key '00000000000000000000000000000000': 0 pak files mounted, 0 remain pending
[2020.07.31-12.36.59:861][  0]LogPakFile: Registered encryption key '00000000000000000000000000000000': 0 pak files mounted, 0 remain pending
[2020.07.31-12.36.59:890][  0]LogPakFile: Registered encryption key '00000000000000000000000000000000': 0 pak files mounted, 0 remain pending
[2020.07.31-12.36.59:896][  0]LogPakFile: Registered encryption key '00000000000000000000000000000000': 0 pak files mounted, 0 remain pending
[2020.07.31-12.37.00:026][  0]LogContentBrowser: Native class hierarchy updated for 'AddContentDialog' in 0.0004 seconds. Added 0 classes and 0 folders.
[2020.07.31-12.37.00:044][  0]LogContentBrowser: Native class hierarchy updated for 'SceneOutliner' in 0.0004 seconds. Added 1 classes and 2 folders.
[2020.07.31-12.37.00:124][  0]LogSlate: Took 0.005764 seconds to synchronously load lazily loaded font '../../../Engine/Content/Slate/Fonts/Roboto-Regular.ttf' (155K)
[2020.07.31-12.37.00:131][  0]LogSlate: Took 0.005566 seconds to synchronously load lazily loaded font '../../../Engine/Content/Slate/Fonts/Roboto-Bold.ttf' (160K)
[2020.07.31-12.37.00:141][  0]LogSlate: Took 0.005668 seconds to synchronously load lazily loaded font '../../../Engine/Content/Editor/Slate/Fonts/FontAwesome.ttf' (139K)
[2020.07.31-12.37.00:148][  0]LogSlate: Took 0.006679 seconds to synchronously load lazily loaded font '../../../Engine/Content/Slate/Fonts/DroidSansMono.ttf' (77K)
[2020.07.31-12.37.00:295][  0]LogRenderer: Reallocating scene render targets to support 1300x648 Format 10 NumSamples 1 (Frame:1).
[2020.07.31-12.37.00:459][  0]LogContentBrowser: Native class hierarchy updated for 'HierarchicalLODOutliner' in 0.0003 seconds. Added 0 classes and 0 folders.
[2020.07.31-12.37.00:459][  0]LogLoad: (Engine Initialization) Total time: 20.36 seconds
[2020.07.31-12.37.00:459][  0]LogLoad: (Engine Initialization) Total Blueprint compile time: 0.00 seconds
[2020.07.31-12.37.00:489][  0]LogAssetRegistry: Asset discovery search completed in 9.6653 seconds
[2020.07.31-12.37.00:490][  0]LogCollectionManager: Rebuilt the object cache for 0 collections in 0.000000 seconds (found 0 objects)
[2020.07.31-12.37.00:491][  0]LogCollectionManager: Fixed up redirectors for 0 collections in 0.000132 seconds (updated 0 objects)
[2020.07.31-12.37.00:494][  0]LogContentStreaming: Texture pool size now 1000 MB
[2020.07.31-12.37.03:140][308]LogSlate: FSceneViewport::OnFocusLost() reason 2
[2020.07.31-20.51.10:954][639]LogSlate: FSceneViewport::OnFocusLost() reason 0
[2020.07.31-20.51.11:131][652]LogUObjectHash: Compacting FUObjectHashTables data took   4.11ms
[2020.07.31-20.51.11:187][652]LogSlate: Window 'BuildingEscape - Unreal Editor' being destroyed
[2020.07.31-20.51.11:189][652]LogWindowsTextInputMethodSystem: Display: IME system now deactivated.
[2020.07.31-20.51.11:395][653]Cmd: QUIT_EDITOR
[2020.07.31-20.51.11:432][653]LogExit: Preparing to exit.
[2020.07.31-20.51.11:983][653]LogExit: Editor shut down
[2020.07.31-20.51.11:983][653]LogExit: Transaction tracking system shut down
[2020.07.31-20.51.12:243][653]LogExit: Object subsystem successfully closed.
[2020.07.31-20.51.12:271][653]LogShaderCompilers: Display: Shaders left to compile 0
[2020.07.31-20.51.12:275][653]LogD3D11RHI: Shutdown
[2020.07.31-20.51.12:275][653]LogD3D11RHI: CleanupD3DDevice
[2020.07.31-20.51.12:276][653]LogRendererCore: FGlobalReadBuffer::ReleaseRHI
[2020.07.31-20.51.12:276][653]LogRendererCore: FGlobalDynamicReadBuffer::Cleanup()
[2020.07.31-20.51.12:276][653]LogRendererCore: FGlobalReadBuffer::ReleaseRHI
[2020.07.31-20.51.12:276][653]LogRendererCore: FGlobalDynamicReadBuffer::Cleanup()
[2020.07.31-20.51.12:276][653]LogRendererCore: FGlobalReadBuffer::ReleaseRHI
[2020.07.31-20.51.12:276][653]LogRendererCore: FGlobalDynamicReadBuffer::Cleanup()
[2020.07.31-20.51.12:323][653]LogD3D11RHI: ~FD3D11DynamicRHI
[2020.07.31-20.51.12:360][653]LogModuleManager: Shutting down and abandoning module HierarchicalLODOutliner (644)
[2020.07.31-20.51.12:360][653]LogModuleManager: Shutting down and abandoning module SceneOutliner (642)
[2020.07.31-20.51.12:360][653]LogModuleManager: Shutting down and abandoning module AddContentDialog (640)
[2020.07.31-20.51.12:362][653]LogModuleManager: Shutting down and abandoning module WidgetCarousel (639)
[2020.07.31-20.51.12:362][653]LogModuleManager: Shutting down and abandoning module EditorWidgets (636)
[2020.07.31-20.51.12:362][653]LogModuleManager: Shutting down and abandoning module CollectionManager (634)
[2020.07.31-20.51.12:362][653]LogModuleManager: Shutting down and abandoning module StatsViewer (632)
[2020.07.31-20.51.12:362][653]LogModuleManager: Shutting down and abandoning module FoliageEdit (630)
[2020.07.31-20.51.12:362][653]LogModuleManager: Shutting down and abandoning module LandscapeEditor (628)
[2020.07.31-20.51.12:364][653]LogModuleManager: Shutting down and abandoning module MeshPaintMode (626)
[2020.07.31-20.51.12:364][653]LogModuleManager: Shutting down and abandoning module SceneDepthPickerMode (624)
[2020.07.31-20.51.12:364][653]LogModuleManager: Shutting down and abandoning module ActorPickerMode (622)
[2020.07.31-20.51.12:364][653]LogModuleManager: Shutting down and abandoning module GeometryMode (620)
[2020.07.31-20.51.12:364][653]LogModuleManager: Shutting down and abandoning module TextureAlignMode (618)
[2020.07.31-20.51.12:364][653]LogModuleManager: Shutting down and abandoning module BspMode (616)
[2020.07.31-20.51.12:365][653]LogModuleManager: Shutting down and abandoning module PIEPreviewDeviceProfileSelector (614)
[2020.07.31-20.51.12:365][653]LogModuleManager: Shutting down and abandoning module SequenceRecorderSections (612)
[2020.07.31-20.51.12:365][653]LogModuleManager: Shutting down and abandoning module AutomationWorker (610)
[2020.07.31-20.51.12:365][653]LogModuleManager: Shutting down and abandoning module OculusMR (608)
[2020.07.31-20.51.12:365][653]LogModuleManager: Shutting down and abandoning module AudioCaptureEditor (606)
[2020.07.31-20.51.12:365][653]LogModuleManager: Shutting down and abandoning module MatineeToLevelSequence (604)
[2020.07.31-20.51.12:365][653]LogModuleManager: Shutting down and abandoning module LevelSequenceEditor (602)
[2020.07.31-20.51.12:366][653]LogModuleManager: Shutting down and abandoning module PlacementMode (601)
[2020.07.31-20.51.12:366][653]LogModuleManager: Shutting down and abandoning module MaterialEditor (600)
[2020.07.31-20.51.12:367][653]LogModuleManager: Shutting down and abandoning module ActorSequenceEditor (596)
[2020.07.31-20.51.12:367][653]LogModuleManager: Shutting down and abandoning module WmfMediaFactory (594)
[2020.07.31-20.51.12:367][653]LogModuleManager: Shutting down and abandoning module WmfMediaEditor (592)
[2020.07.31-20.51.12:367][653]LogModuleManager: Shutting down and abandoning module WebMMediaFactory (590)
[2020.07.31-20.51.12:367][653]LogModuleManager: Shutting down and abandoning module WebMMediaEditor (588)
[2020.07.31-20.51.12:367][653]LogModuleManager: Shutting down and abandoning module WebMMedia (586)
[2020.07.31-20.51.12:367][653]LogModuleManager: Shutting down and abandoning module MediaPlayerEditor (584)
[2020.07.31-20.51.12:367][653]LogModuleManager: Shutting down and abandoning module MediaCompositingEditor (582)
[2020.07.31-20.51.12:367][653]LogModuleManager: Shutting down and abandoning module SequenceRecorder (581)
[2020.07.31-20.51.12:367][653]LogModuleManager: Shutting down and abandoning module OpenExrWrapper (578)
[2020.07.31-20.51.12:367][653]LogModuleManager: Shutting down and abandoning module ImgMediaFactory (576)
[2020.07.31-20.51.12:367][653]LogModuleManager: Shutting down and abandoning module ImgMediaEditor (574)
[2020.07.31-20.51.12:367][653]LogModuleManager: Shutting down and abandoning module AvfMediaFactory (572)
[2020.07.31-20.51.12:367][653]LogModuleManager: Shutting down and abandoning module AvfMediaEditor (570)
[2020.07.31-20.51.12:367][653]LogModuleManager: Shutting down and abandoning module AndroidMediaFactory (568)
[2020.07.31-20.51.12:367][653]LogModuleManager: Shutting down and abandoning module AndroidMediaEditor (566)
[2020.07.31-20.51.12:367][653]LogModuleManager: Shutting down and abandoning module MagicLeapCameraPreviewFactory (564)
[2020.07.31-20.51.12:367][653]LogModuleManager: Shutting down and abandoning module MagicLeapMediaCodecFactory (562)
[2020.07.31-20.51.12:367][653]LogModuleManager: Shutting down and abandoning module MagicLeapMediaFactory (560)
[2020.07.31-20.51.12:367][653]LogModuleManager: Shutting down and abandoning module MagicLeapMediaEditor (558)
[2020.07.31-20.51.12:367][653]LogModuleManager: Shutting down and abandoning module CharacterAI (556)
[2020.07.31-20.51.12:367][653]LogModuleManager: Shutting down and abandoning module SmartSnapping (554)
[2020.07.31-20.51.12:367][653]LogModuleManager: Shutting down and abandoning module SessionServices (552)
[2020.07.31-20.51.12:367][653]LogModuleManager: Shutting down and abandoning module MeshPaint (550)
[2020.07.31-20.51.12:367][653]LogModuleManager: Shutting down and abandoning module ViewportSnapping (548)
[2020.07.31-20.51.12:367][653]LogModuleManager: Shutting down and abandoning module ViewportInteraction (546)
[2020.07.31-20.51.12:367][653]LogModuleManager: Shutting down and abandoning module ClothPainter (544)
[2020.07.31-20.51.12:368][653]LogModuleManager: Shutting down and abandoning module SkeletalMeshEditor (543)
[2020.07.31-20.51.12:369][653]LogModuleManager: Shutting down and abandoning module LogVisualizer (540)
[2020.07.31-20.51.12:370][653]LogModuleManager: Shutting down and abandoning module IntroTutorials (538)
[2020.07.31-20.51.12:370][653]LogModuleManager: Shutting down and abandoning module GameProjectGeneration (537)
[2020.07.31-20.51.12:370][653]LogModuleManager: Shutting down and abandoning module LuminPlatformEditor (534)
[2020.07.31-20.51.12:370][653]LogModuleManager: Shutting down and abandoning module IOSPlatformEditor (532)
[2020.07.31-20.51.12:370][653]LogModuleManager: Shutting down and abandoning module HTML5PlatformEditor (530)
[2020.07.31-20.51.12:370][653]LogModuleManager: Shutting down and abandoning module AndroidPlatformEditor (528)
[2020.07.31-20.51.12:370][653]LogModuleManager: Shutting down and abandoning module AndroidDeviceDetection (527)
[2020.07.31-20.51.12:570][653]LogModuleManager: Shutting down and abandoning module WindowsPlatformEditor (524)
[2020.07.31-20.51.12:570][653]LogModuleManager: Shutting down and abandoning module LuminRuntimeSettings (522)
[2020.07.31-20.51.12:570][653]LogModuleManager: Shutting down and abandoning module IOSRuntimeSettings (520)
[2020.07.31-20.51.12:570][653]LogModuleManager: Shutting down and abandoning module AndroidRuntimeSettings (518)
[2020.07.31-20.51.12:570][653]LogModuleManager: Shutting down and abandoning module TimeManagementEditor (516)
[2020.07.31-20.51.12:570][653]LogModuleManager: Shutting down and abandoning module InputBindingEditor (514)
[2020.07.31-20.51.12:582][653]LogModuleManager: Shutting down and abandoning module MergeActors (512)
[2020.07.31-20.51.12:582][653]LogModuleManager: Shutting down and abandoning module LocalizationDashboard (510)
[2020.07.31-20.51.12:582][653]LogModuleManager: Shutting down and abandoning module LocalizationService (509)
[2020.07.31-20.51.12:582][653]LogModuleManager: Shutting down and abandoning module HardwareTargeting (506)
[2020.07.31-20.51.12:582][653]LogModuleManager: Shutting down and abandoning module DeviceProfileEditor (504)
[2020.07.31-20.51.12:582][653]LogModuleManager: Shutting down and abandoning module UndoHistory (502)
[2020.07.31-20.51.12:583][653]LogModuleManager: Shutting down and abandoning module XmlParser (500)
[2020.07.31-20.51.12:583][653]LogModuleManager: Shutting down and abandoning module Blutility (498)
[2020.07.31-20.51.12:583][653]LogModuleManager: Shutting down and abandoning module ProjectSettingsViewer (496)
[2020.07.31-20.51.12:583][653]LogModuleManager: Shutting down and abandoning module ProjectTargetPlatformEditor (495)
[2020.07.31-20.51.12:583][653]LogModuleManager: Shutting down and abandoning module EditorSettingsViewer (492)
[2020.07.31-20.51.12:583][653]LogModuleManager: Shutting down and abandoning module SettingsEditor (490)
[2020.07.31-20.51.12:583][653]LogModuleManager: Shutting down and abandoning module ProjectLauncher (488)
[2020.07.31-20.51.12:584][653]LogModuleManager: Shutting down and abandoning module SessionFrontend (486)
[2020.07.31-20.51.12:584][653]LogModuleManager: Shutting down and abandoning module ProfilerClient (484)
[2020.07.31-20.51.12:584][653]LogModuleManager: Shutting down and abandoning module DeviceManager (482)
[2020.07.31-20.51.12:585][653]LogModuleManager: Shutting down and abandoning module TargetDeviceServices (481)
[2020.07.31-20.51.12:629][653]LogModuleManager: Shutting down and abandoning module AutomationController (478)
[2020.07.31-20.51.12:629][653]LogModuleManager: Shutting down and abandoning module AutomationWindow (476)
[2020.07.31-20.51.12:629][653]LogModuleManager: Shutting down and abandoning module Layers (474)
[2020.07.31-20.51.12:631][653]LogModuleManager: Shutting down and abandoning module ComponentVisualizers (472)
[2020.07.31-20.51.12:631][653]LogModuleManager: Shutting down and abandoning module DetailCustomizations (470)
[2020.07.31-20.51.12:631][653]LogModuleManager: Shutting down and abandoning module PackagesDialog (468)
[2020.07.31-20.51.12:632][653]LogModuleManager: Shutting down and abandoning module AnimationBlueprintEditor (466)
[2020.07.31-20.51.12:633][653]LogModuleManager: Shutting down and abandoning module Persona (464)
[2020.07.31-20.51.12:633][653]LogModuleManager: Shutting down and abandoning module AdvancedPreviewScene (463)
[2020.07.31-20.51.12:633][653]LogModuleManager: Shutting down and abandoning module AnimGraph (461)
[2020.07.31-20.51.12:633][653]LogModuleManager: Shutting down and abandoning module Kismet (458)
[2020.07.31-20.51.12:634][653]LogModuleManager: Shutting down and abandoning module GraphEditor (456)
[2020.07.31-20.51.12:636][653]LogModuleManager: Shutting down and abandoning module ClassViewer (454)
[2020.07.31-20.51.12:637][653]LogModuleManager: Shutting down and abandoning module Toolbox (452)
[2020.07.31-20.51.12:637][653]LogModuleManager: Shutting down and abandoning module DesktopPlatform (451)
[2020.07.31-20.51.12:637][653]LogModuleManager: Shutting down and abandoning module ModuleUI (448)
[2020.07.31-20.51.12:637][653]LogModuleManager: Shutting down and abandoning module MovieSceneTools (446)
[2020.07.31-20.51.12:637][653]LogModuleManager: Shutting down and abandoning module OutputLog (444)
[2020.07.31-20.51.12:637][653]LogModuleManager: Shutting down and abandoning module GammaUI (442)
[2020.07.31-20.51.12:637][653]LogModuleManager: Shutting down and abandoning module Documentation (440)
[2020.07.31-20.51.12:637][653]LogModuleManager: Shutting down and abandoning module LiveCoding (438)
[2020.07.31-20.51.12:637][653]LogModuleManager: Shutting down and abandoning module LevelSequence (436)
[2020.07.31-20.51.12:637][653]LogModuleManager: Shutting down and abandoning module MovieSceneTracks (434)
[2020.07.31-20.51.12:637][653]LogModuleManager: Shutting down and abandoning module MovieScene (432)
[2020.07.31-20.51.12:637][653]LogModuleManager: Shutting down and abandoning module StreamingPauseRendering (430)
[2020.07.31-20.51.12:637][653]LogModuleManager: Shutting down and abandoning module LauncherPlatform (428)
[2020.07.31-20.51.12:637][653]LogModuleManager: Shutting down and abandoning module AnalyticsET (426)
[2020.07.31-20.51.12:637][653]LogModuleManager: Shutting down and abandoning module PortalServices (424)
[2020.07.31-20.51.12:637][653]LogModuleManager: Shutting down and abandoning module PortalRpc (422)
[2020.07.31-20.51.12:637][653]LogModuleManager: Shutting down and abandoning module MessagingRpc (420)
[2020.07.31-20.51.12:637][653]LogModuleManager: Shutting down and abandoning module AIModule (418)
[2020.07.31-20.51.12:637][653]LogModuleManager: Shutting down and abandoning module GameplayDebugger (417)
[2020.07.31-20.51.12:638][653]LogModuleManager: Shutting down and abandoning module AITestSuite (415)
[2020.07.31-20.51.12:638][653]LogModuleManager: Shutting down and abandoning module NavigationSystem (413)
[2020.07.31-20.51.12:638][653]LogModuleManager: Shutting down and abandoning module ImageWriteQueue (410)
[2020.07.31-20.51.12:640][653]LogModuleManager: Shutting down and abandoning module ProfilerService (408)
[2020.07.31-20.51.12:881][653]LogModuleManager: Shutting down and abandoning module TaskGraph (406)
[2020.07.31-20.51.12:893][653]LogModuleManager: Shutting down and abandoning module SteamVRController (404)
[2020.07.31-20.51.12:893][653]LogModuleManager: Shutting down and abandoning module ProceduralMeshComponentEditor (402)
[2020.07.31-20.51.12:893][653]LogModuleManager: Shutting down and abandoning module ProceduralMeshComponent (400)
[2020.07.31-20.51.12:893][653]LogModuleManager: Shutting down and abandoning module OculusEditor (398)
[2020.07.31-20.51.12:893][653]LogModuleManager: Shutting down and abandoning module OculusInput (396)
[2020.07.31-20.51.12:893][653]LogModuleManager: Shutting down and abandoning module MobilePatchingUtils (394)
[2020.07.31-20.51.12:893][653]LogModuleManager: Shutting down and abandoning module EditableMesh (392)
[2020.07.31-20.51.12:894][653]LogModuleManager: Shutting down and abandoning module CustomMeshComponent (390)
[2020.07.31-20.51.12:894][653]LogModuleManager: Shutting down and abandoning module CableComponent (388)
[2020.07.31-20.51.12:894][653]LogModuleManager: Shutting down and abandoning module AudioCapture (386)
[2020.07.31-20.51.12:894][653]LogModuleManager: Shutting down and abandoning module ArchVisCharacter (384)
[2020.07.31-20.51.12:894][653]LogModuleManager: Shutting down and abandoning module AndroidPermission (382)
[2020.07.31-20.51.12:894][653]LogModuleManager: Shutting down and abandoning module NUTUnrealEngine4 (380)
[2020.07.31-20.51.12:894][653]LogModuleManager: Shutting down and abandoning module NetcodeUnitTest (378)
[2020.07.31-20.51.12:894][653]LogModuleManager: Shutting down and abandoning module MediaCompositing (376)
[2020.07.31-20.51.12:894][653]LogModuleManager: Shutting down and abandoning module LinearTimecode (374)
[2020.07.31-20.51.12:894][653]LogModuleManager: Shutting down and abandoning module ImgMedia (372)
[2020.07.31-20.51.12:894][653]LogModuleManager: Shutting down and abandoning module MagicLeapHelperVulkan (370)
[2020.07.31-20.51.12:894][653]LogModuleManager: Shutting down and abandoning module MagicLeapHelperOpenGL (368)
[2020.07.31-20.51.12:894][653]LogModuleManager: Shutting down and abandoning module MagicLeapAudio (366)
[2020.07.31-20.51.12:894][653]LogModuleManager: Shutting down and abandoning module HTML5Networking (364)
[2020.07.31-20.51.12:894][653]LogModuleManager: Shutting down and abandoning module GeometryCacheTracks (362)
[2020.07.31-20.51.12:894][653]LogModuleManager: Shutting down and abandoning module GeometryCacheSequencer (360)
[2020.07.31-20.51.12:894][653]LogModuleManager: Shutting down and abandoning module BackChannel (358)
[2020.07.31-20.51.12:894][653]LogModuleManager: Shutting down and abandoning module AppleVision (356)
[2020.07.31-20.51.12:894][653]LogModuleManager: Shutting down and abandoning module AppleImageUtilsBlueprintSupport (354)
[2020.07.31-20.51.12:894][653]LogModuleManager: Shutting down and abandoning module AppleImageUtils (352)
[2020.07.31-20.51.12:894][653]LogModuleManager: Shutting down and abandoning module AlembicImporter (350)
[2020.07.31-20.51.12:894][653]LogModuleManager: Shutting down and abandoning module AlembicLibrary (349)
[2020.07.31-20.51.12:894][653]LogModuleManager: Shutting down and abandoning module GeometryCache (348)
[2020.07.31-20.51.12:894][653]LogModuleManager: Shutting down and abandoning module GeometryCacheEd (347)
[2020.07.31-20.51.12:894][653]LogModuleManager: Shutting down and abandoning module VariantManagerContent (342)
[2020.07.31-20.51.12:894][653]LogModuleManager: Shutting down and abandoning module DatasmithContentEditor (340)
[2020.07.31-20.51.12:894][653]LogModuleManager: Shutting down and abandoning module SpeedTreeImporter (338)
[2020.07.31-20.51.12:894][653]LogModuleManager: Shutting down and abandoning module PluginBrowser (336)
[2020.07.31-20.51.12:894][653]LogModuleManager: Shutting down and abandoning module MobileLauncherProfileWizard (334)
[2020.07.31-20.51.12:895][653]LogModuleManager: Shutting down and abandoning module MaterialAnalyzer (332)
[2020.07.31-20.51.12:895][653]LogModuleManager: Shutting down and abandoning module CryptoKeysOpenSSL (330)
[2020.07.31-20.51.12:895][653]LogModuleManager: Shutting down and abandoning module CryptoKeys (328)
[2020.07.31-20.51.12:895][653]LogModuleManager: Shutting down and abandoning module VisualStudioSourceCodeAccess (326)
[2020.07.31-20.51.12:895][653]LogModuleManager: Shutting down and abandoning module VisualStudioCodeSourceCodeAccess (324)
[2020.07.31-20.51.12:895][653]LogModuleManager: Shutting down and abandoning module UObjectPlugin (322)
[2020.07.31-20.51.12:895][653]LogModuleManager: Shutting down and abandoning module SubversionSourceControl (320)
[2020.07.31-20.51.12:895][653]LogModuleManager: Shutting down and abandoning module PerforceSourceControl (318)
[2020.07.31-20.51.12:895][653]LogModuleManager: Shutting down and abandoning module GitSourceControl (316)
[2020.07.31-20.51.12:895][653]LogModuleManager: Shutting down and abandoning module SourceControl (315)
[2020.07.31-20.51.12:896][653]LogModuleManager: Shutting down and abandoning module CLionSourceCodeAccess (312)
[2020.07.31-20.51.12:896][653]LogModuleManager: Shutting down and abandoning module AnimationSharingEd (310)
[2020.07.31-20.51.12:896][653]LogModuleManager: Shutting down and abandoning module ActorLayerUtilitiesEditor (308)
[2020.07.31-20.51.12:896][653]LogModuleManager: Shutting down and abandoning module ActorLayerUtilities (306)
[2020.07.31-20.51.12:896][653]LogModuleManager: Shutting down and abandoning module LightPropagationVolumeEditor (304)
[2020.07.31-20.51.12:896][653]LogModuleManager: Shutting down and abandoning module PaperTiledImporter (302)
[2020.07.31-20.51.12:896][653]LogModuleManager: Shutting down and abandoning module PaperSpriteSheetImporter (300)
[2020.07.31-20.51.12:896][653]LogModuleManager: Shutting down and abandoning module Paper2DEditor (298)
[2020.07.31-20.51.12:896][653]LogModuleManager: Shutting down and abandoning module BuildingEscape (296)
[2020.07.31-20.51.12:896][653]LogModuleManager: Shutting down and abandoning module SignificanceManager (294)
[2020.07.31-20.51.12:896][653]LogModuleManager: Shutting down and abandoning module RuntimePhysXCooking (292)
[2020.07.31-20.51.12:896][653]LogModuleManager: Shutting down and abandoning module PhysXVehiclesEditor (290)
[2020.07.31-20.51.12:896][653]LogModuleManager: Shutting down and abandoning module PhysXVehicles (288)
[2020.07.31-20.51.12:896][653]LogModuleManager: Shutting down and abandoning module LocationServicesBPLibrary (286)
[2020.07.31-20.51.12:896][653]LogModuleManager: Shutting down and abandoning module ActorSequence (284)
[2020.07.31-20.51.12:896][653]LogModuleManager: Shutting down and abandoning module UdpMessaging (282)
[2020.07.31-20.51.12:997][653]LogModuleManager: Shutting down and abandoning module TcpMessaging (280)
[2020.07.31-20.51.13:098][653]LogModuleManager: Shutting down and abandoning module MagicLeapIdentity (278)
[2020.07.31-20.51.13:098][653]LogModuleManager: Shutting down and abandoning module MagicLeapSecureStorage (276)
[2020.07.31-20.51.13:098][653]LogModuleManager: Shutting down and abandoning module MagicLeapHandTracking (274)
[2020.07.31-20.51.13:098][653]LogModuleManager: Shutting down and abandoning module MagicLeapEyeTracker (272)
[2020.07.31-20.51.13:098][653]LogModuleManager: Shutting down and abandoning module MagicLeapController (270)
[2020.07.31-20.51.13:098][653]LogSlate: Slate User Destroyed.  User Index 0, Is Virtual User: 0
[2020.07.31-20.51.13:098][653]LogModuleManager: Shutting down and abandoning module MagicLeapAR (268)
[2020.07.31-20.51.13:098][653]LogModuleManager: Shutting down and abandoning module AugmentedReality (267)
[2020.07.31-20.51.13:098][653]LogModuleManager: Shutting down and abandoning module GameplayTagsEditor (264)
[2020.07.31-20.51.13:098][653]LogModuleManager: Shutting down and abandoning module FacialAnimationEditor (262)
[2020.07.31-20.51.13:098][653]LogModuleManager: Shutting down and abandoning module FacialAnimation (260)
[2020.07.31-20.51.13:098][653]LogModuleManager: Shutting down and abandoning module DataValidation (258)
[2020.07.31-20.51.13:098][653]LogModuleManager: Shutting down and abandoning module AssetManagerEditor (256)
[2020.07.31-20.51.13:099][653]LogModuleManager: Shutting down and abandoning module LevelEditor (255)
[2020.07.31-20.51.13:100][653]LogModuleManager: Shutting down and abandoning module PixelInspectorModule (254)
[2020.07.31-20.51.13:100][653]LogModuleManager: Shutting down and abandoning module CommonMenuExtensions (252)
[2020.07.31-20.51.13:101][653]LogModuleManager: Shutting down and abandoning module MainFrame (250)
[2020.07.31-20.51.13:101][653]LogModuleManager: Shutting down and abandoning module HotReload (249)
[2020.07.31-20.51.13:102][653]LogModuleManager: Shutting down and abandoning module ContentBrowser (245)
[2020.07.31-20.51.13:104][653]LogModuleManager: Shutting down and abandoning module TreeMap (243)
[2020.07.31-20.51.13:104][653]LogModuleManager: Shutting down and abandoning module AnimationSharing (240)
[2020.07.31-20.51.13:104][653]LogModuleManager: Shutting down and abandoning module LightPropagationVolumeRuntime (238)
[2020.07.31-20.51.13:104][653]LogModuleManager: Shutting down and abandoning module AISupportModule (236)
[2020.07.31-20.51.13:104][653]LogModuleManager: Shutting down and abandoning module Paper2D (234)
[2020.07.31-20.51.13:104][653]LogModuleManager: Shutting down and abandoning module WindowsMoviePlayer (232)
[2020.07.31-20.51.13:104][653]LogModuleManager: Shutting down and abandoning module WebMMoviePlayer (230)
[2020.07.31-20.51.13:104][653]LogModuleManager: Shutting down and abandoning module PacketHandler (228)
[2020.07.31-20.51.13:104][653]LogModuleManager: Shutting down and abandoning module ClothingSystemEditor (226)
[2020.07.31-20.51.13:104][653]LogModuleManager: Shutting down and abandoning module ClothingSystemRuntime (224)
[2020.07.31-20.51.13:105][653]LogModuleManager: Shutting down and abandoning module MediaAssets (222)
[2020.07.31-20.51.13:105][653]LogModuleManager: Shutting down and abandoning module Overlay (220)
[2020.07.31-20.51.13:105][653]LogModuleManager: Shutting down and abandoning module OverlayEditor (219)
[2020.07.31-20.51.13:105][653]LogModuleManager: Shutting down and abandoning module VREditor (216)
[2020.07.31-20.51.13:105][653]LogModuleManager: Shutting down and abandoning module StringTableEditor (214)
[2020.07.31-20.51.13:106][653]LogModuleManager: Shutting down and abandoning module GameplayTasksEditor (212)
[2020.07.31-20.51.13:106][653]LogModuleManager: Shutting down and abandoning module BehaviorTreeEditor (210)
[2020.07.31-20.51.13:106][653]LogModuleManager: Shutting down and abandoning module FunctionalTesting (208)
[2020.07.31-20.51.13:106][653]LogModuleManager: Shutting down and abandoning module CollisionAnalyzer (206)
[2020.07.31-20.51.13:106][653]LogModuleManager: Shutting down and abandoning module WorkspaceMenuStructure (205)
[2020.07.31-20.51.13:106][653]LogModuleManager: Shutting down and abandoning module UMG (202)
[2020.07.31-20.51.13:107][653]LogModuleManager: Shutting down and abandoning module UMGEditor (201)
[2020.07.31-20.51.13:107][653]LogModuleManager: Shutting down and abandoning module Sequencer (200)
[2020.07.31-20.51.13:108][653]LogModuleManager: Shutting down and abandoning module MessageLog (197)
[2020.07.31-20.51.13:108][653]LogModuleManager: Shutting down and abandoning module SlateReflector (192)
[2020.07.31-20.51.13:110][653]LogModuleManager: Shutting down and abandoning module Slate (190)
[2020.07.31-20.51.13:110][653]LogModuleManager: Shutting down and abandoning module EditorStyle (188)
[2020.07.31-20.51.13:112][653]LogModuleManager: Shutting down and abandoning module UnrealEd (186)
[2020.07.31-20.51.13:112][653]LogModuleManager: Shutting down and abandoning module MRMesh (184)
[2020.07.31-20.51.13:112][653]LogModuleManager: Shutting down and abandoning module SourceCodeAccess (182)
[2020.07.31-20.51.13:112][653]LogModuleManager: Shutting down and abandoning module HeadMountedDisplay (180)
[2020.07.31-20.51.13:112][653]LogModuleManager: Shutting down and abandoning module XAudio2 (178)
[2020.07.31-20.51.13:112][653]LogModuleManager: Shutting down and abandoning module Networking (176)
[2020.07.31-20.51.13:112][653]LogModuleManager: Shutting down and abandoning module Core (174)
[2020.07.31-20.51.13:112][653]LogModuleManager: Shutting down and abandoning module KismetCompiler (172)
[2020.07.31-20.51.13:112][653]LogModuleManager: Shutting down and abandoning module MeshUtilities (170)
[2020.07.31-20.51.13:112][653]LogModuleManager: Shutting down and abandoning module MeshMergeUtilities (169)
[2020.07.31-20.51.13:112][653]LogModuleManager: Shutting down and abandoning module MeshReductionInterface (168)
[2020.07.31-20.51.13:112][653]LogModuleManager: Shutting down and abandoning module SkeletalMeshReduction (167)
[2020.07.31-20.51.13:112][653]LogModuleManager: Shutting down and abandoning module ProxyLODMeshReduction (165)
[2020.07.31-20.51.13:113][653]LogModuleManager: Shutting down and abandoning module QuadricMeshReduction (163)
[2020.07.31-20.51.13:113][653]LogModuleManager: Shutting down and abandoning module MaterialBaking (159)
[2020.07.31-20.51.13:114][653]LogModuleManager: Shutting down and abandoning module DerivedDataCache (154)
[2020.07.31-20.51.13:187][653]LogDerivedDataCache: Shutdown
[2020.07.31-20.51.13:187][653]LogModuleManager: Shutting down and abandoning module XGEController (152)
[2020.07.31-20.51.13:187][653]LogXGEController: Cleaning working directory: C:/Users/Jos/AppData/Local/Temp/UnrealXGEWorkingDir/
[2020.07.31-20.51.13:187][653]LogModuleManager: Shutting down and abandoning module TargetPlatform (150)
[2020.07.31-20.51.13:187][653]LogModuleManager: Shutting down and abandoning module VulkanShaderFormat (149)
[2020.07.31-20.51.13:188][653]LogModuleManager: Shutting down and abandoning module ShaderFormatVectorVM (147)
[2020.07.31-20.51.13:188][653]LogModuleManager: Shutting down and abandoning module ShaderFormatOpenGL (145)
[2020.07.31-20.51.13:188][653]LogModuleManager: Shutting down and abandoning module ShaderFormatD3D (143)
[2020.07.31-20.51.13:188][653]LogModuleManager: Shutting down and abandoning module MetalShaderFormat (141)
[2020.07.31-20.51.13:189][653]LogModuleManager: Shutting down and abandoning module TextureFormatUncompressed (139)
[2020.07.31-20.51.13:189][653]LogModuleManager: Shutting down and abandoning module TextureFormatPVR (137)
[2020.07.31-20.51.13:189][653]LogModuleManager: Shutting down and abandoning module TextureFormatDXT (135)
[2020.07.31-20.51.13:189][653]LogModuleManager: Shutting down and abandoning module TextureFormatIntelISPCTexComp (133)
[2020.07.31-20.51.13:189][653]LogModuleManager: Shutting down and abandoning module TextureFormatASTC (131)
[2020.07.31-20.51.13:189][653]LogModuleManager: Shutting down and abandoning module ImageWrapper (130)
[2020.07.31-20.51.13:189][653]LogModuleManager: Shutting down and abandoning module TextureFormatAndroid (127)
[2020.07.31-20.51.13:189][653]LogModuleManager: Shutting down and abandoning module AudioFormatOpus (125)
[2020.07.31-20.51.13:189][653]LogModuleManager: Shutting down and abandoning module AudioFormatOgg (123)
[2020.07.31-20.51.13:189][653]LogModuleManager: Shutting down and abandoning module AudioFormatADPCM (121)
[2020.07.31-20.51.13:189][653]LogModuleManager: Shutting down and abandoning module LuminTargetPlatform (119)
[2020.07.31-20.51.13:195][653]LogModuleManager: Shutting down and abandoning module LinuxTargetPlatform (117)
[2020.07.31-20.51.13:195][653]LogModuleManager: Shutting down and abandoning module LinuxServerTargetPlatform (115)
[2020.07.31-20.51.13:195][653]LogModuleManager: Shutting down and abandoning module LinuxNoEditorTargetPlatform (113)
[2020.07.31-20.51.13:195][653]LogModuleManager: Shutting down and abandoning module LinuxClientTargetPlatform (111)
[2020.07.31-20.51.13:195][653]LogModuleManager: Shutting down and abandoning module TVOSTargetPlatform (109)
[2020.07.31-20.51.13:198][653]LogModuleManager: Shutting down and abandoning module Messaging (107)
[2020.07.31-20.51.13:198][653]LogModuleManager: Shutting down and abandoning module IOSTargetPlatform (105)
[2020.07.31-20.51.13:201][653]LogModuleManager: Shutting down and abandoning module HTML5TargetPlatform (103)
[2020.07.31-20.51.13:201][653]LogModuleManager: Shutting down and abandoning module AndroidTargetPlatform (101)
[2020.07.31-20.51.13:227][653]LogModuleManager: Shutting down and abandoning module WindowsTargetPlatform (99)
[2020.07.31-20.51.13:227][653]LogModuleManager: Shutting down and abandoning module WindowsServerTargetPlatform (97)
[2020.07.31-20.51.13:227][653]LogModuleManager: Shutting down and abandoning module WindowsNoEditorTargetPlatform (95)
[2020.07.31-20.51.13:227][653]LogModuleManager: Shutting down and abandoning module WindowsClientTargetPlatform (93)
[2020.07.31-20.51.13:227][653]LogModuleManager: Shutting down and abandoning module MacTargetPlatform (91)
[2020.07.31-20.51.13:227][653]LogModuleManager: Shutting down and abandoning module MacServerTargetPlatform (89)
[2020.07.31-20.51.13:227][653]LogModuleManager: Shutting down and abandoning module MacNoEditorTargetPlatform (87)
[2020.07.31-20.51.13:227][653]LogModuleManager: Shutting down and abandoning module MacClientTargetPlatform (85)
[2020.07.31-20.51.13:227][653]LogModuleManager: Shutting down and abandoning module AllDesktopTargetPlatform (83)
[2020.07.31-20.51.13:227][653]LogModuleManager: Shutting down and abandoning module InputCore (80)
[2020.07.31-20.51.13:227][653]LogModuleManager: Shutting down and abandoning module Settings (78)
[2020.07.31-20.51.13:227][653]LogModuleManager: Shutting down and abandoning module DirectoryWatcher (76)
[2020.07.31-20.51.13:228][653]LogModuleManager: Shutting down and abandoning module PhysXCooking (74)
[2020.07.31-20.51.13:228][653]LogModuleManager: Shutting down and abandoning module SteamVR (72)
[2020.07.31-20.51.13:228][653]LogHMD: Freeing OpenVRDLLHandle.
[2020.07.31-20.51.13:228][653]LogModuleManager: Shutting down and abandoning module OculusHMD (70)
[2020.07.31-20.51.13:228][653]LogModuleManager: Shutting down and abandoning module ExampleDeviceProfileSelector (68)
[2020.07.31-20.51.13:228][653]LogModuleManager: Shutting down and abandoning module LauncherChunkInstaller (66)
[2020.07.31-20.51.13:228][653]LogModuleManager: Shutting down and abandoning module OnlineBlueprintSupport (64)
[2020.07.31-20.51.13:228][653]LogModuleManager: Shutting down and abandoning module OnlineSubsystem (60)
[2020.07.31-20.51.13:229][653]LogModuleManager: Shutting down and abandoning module XMPP (55)
[2020.07.31-20.51.13:230][653]LogModuleManager: Shutting down and abandoning module WebSockets (54)
[2020.07.31-20.51.13:232][653]LogModuleManager: Shutting down and abandoning module HTTP (51)
[2020.07.31-20.51.13:232][653]LogHttp: Display: Http module shutting down, but needs to wait on 1 outstanding Http requests:
[2020.07.31-20.51.13:232][653]LogHttp: Display: 	verb=[POST] url=[https://datarouter.ol.epicgames.com/datarouter/api/v1/public/data?SessionID=%7B252736AB-48B7-22F7-43B1-8FA9538BE792%7D&AppID=UEEditor.Rocket.Release&AppVersion=4.22.3-7053642%2B%2B%2BUE4%2BRelease-4.22&UserID=34c020a2401655c2538165bc6869f075%7C8488b5ccb6b0490dbc1911a64a077711%7Cd3283be0-4604-4e49-ad2d-3f2fa690cf39&AppEnvironment=datacollector-binary&UploadType=eteventstream] status=Processing
[2020.07.31-20.51.13:256][653]LogModuleManager: Shutting down and abandoning module SSL (50)
[2020.07.31-20.51.13:257][653]LogModuleManager: Shutting down and abandoning module WmfMedia (46)
[2020.07.31-20.51.13:259][653]LogModuleManager: Shutting down and abandoning module Media (45)
[2020.07.31-20.51.13:265][653]LogModuleManager: Shutting down and abandoning module MagicLeap (42)
[2020.07.31-20.51.13:265][653]LogModuleManager: Shutting down and abandoning module DatasmithContent (40)
[2020.07.31-20.51.13:265][653]LogModuleManager: Shutting down and abandoning module AnimationModifiers (38)
[2020.07.31-20.51.13:266][653]LogModuleManager: Shutting down and abandoning module PropertyEditor (37)
[2020.07.31-20.51.13:266][653]LogModuleManager: Shutting down and abandoning module AudioEditor (34)
[2020.07.31-20.51.13:267][653]LogModuleManager: Shutting down and abandoning module TextureCompressor (32)
[2020.07.31-20.51.13:267][653]LogModuleManager: Shutting down and abandoning module RenderCore (30)
[2020.07.31-20.51.13:267][653]LogModuleManager: Shutting down and abandoning module Landscape (28)
[2020.07.31-20.51.13:267][653]LogModuleManager: Shutting down and abandoning module SlateRHIRenderer (26)
[2020.07.31-20.51.13:268][653]LogModuleManager: Shutting down and abandoning module OpenGLDrv (24)
[2020.07.31-20.51.13:268][653]LogModuleManager: Shutting down and abandoning module D3D11RHI (22)
[2020.07.31-20.51.13:268][653]LogModuleManager: Shutting down and abandoning module AnimGraphRuntime (20)
[2020.07.31-20.51.13:268][653]LogModuleManager: Shutting down and abandoning module Renderer (18)
[2020.07.31-20.51.13:268][653]LogModuleManager: Shutting down and abandoning module Engine (16)
[2020.07.31-20.51.13:268][653]LogModuleManager: Shutting down and abandoning module CoreUObject (14)
[2020.07.31-20.51.13:268][653]LogModuleManager: Shutting down and abandoning module NetworkFile (12)
[2020.07.31-20.51.13:268][653]LogModuleManager: Shutting down and abandoning module CookedIterativeFile (10)
[2020.07.31-20.51.13:268][653]LogModuleManager: Shutting down and abandoning module StreamingFile (8)
[2020.07.31-20.51.13:268][653]LogModuleManager: Shutting down and abandoning module SandboxFile (6)
[2020.07.31-20.51.13:268][653]LogModuleManager: Shutting down and abandoning module PakFile (4)
[2020.07.31-20.51.13:268][653]LogModuleManager: Shutting down and abandoning module RSA (3)
[2020.07.31-20.51.13:274][653]LogExit: Exiting.
[2020.07.31-20.51.13:289][653]Log file closed, 07/31/20 21:51:13
